ARM GAS  C:\Users\PIERRE~1\AppData\Local\Temp\cc0JG3gO.s 			page 1


   1              		.syntax unified
   2              		.cpu cortex-m3
   3              		.fpu softvfp
   4              		.eabi_attribute 20, 1
   5              		.eabi_attribute 21, 1
   6              		.eabi_attribute 23, 3
   7              		.eabi_attribute 24, 1
   8              		.eabi_attribute 25, 1
   9              		.eabi_attribute 26, 1
  10              		.eabi_attribute 30, 1
  11              		.eabi_attribute 34, 1
  12              		.eabi_attribute 18, 4
  13              		.thumb
  14              		.syntax unified
  15              		.file	"cymetadata.c"
  16              		.text
  17              	.Ltext0:
  18              		.cfi_sections	.debug_frame
  19              		.global	cy_metadata
  20              		.global	cy_meta_flashprotect
  21              		.global	cy_meta_wonvl
  22              		.global	cy_meta_custnvl
  23              		.global	cy_meta_configecc
  24              		.section	.cyconfigecc,"a",%progbits
  25              		.align	2
  26              		.type	cy_meta_configecc, %object
  27              		.size	cy_meta_configecc, 640
  28              	cy_meta_configecc:
  29 0000 01       		.byte	1
  30 0001 45       		.byte	69
  31 0002 00       		.byte	0
  32 0003 40       		.byte	64
  33 0004 02       		.byte	2
  34 0005 4F       		.byte	79
  35 0006 00       		.byte	0
  36 0007 40       		.byte	64
  37 0008 02       		.byte	2
  38 0009 52       		.byte	82
  39 000a 00       		.byte	0
  40 000b 40       		.byte	64
  41 000c 01       		.byte	1
  42 000d 64       		.byte	100
  43 000e 00       		.byte	0
  44 000f 40       		.byte	64
  45 0010 27       		.byte	39
  46 0011 07       		.byte	7
  47 0012 01       		.byte	1
  48 0013 40       		.byte	64
  49 0014 04       		.byte	4
  50 0015 14       		.byte	20
  51 0016 01       		.byte	1
  52 0017 40       		.byte	64
  53 0018 09       		.byte	9
  54 0019 15       		.byte	21
  55 001a 01       		.byte	1
  56 001b 40       		.byte	64
  57 001c 38       		.byte	56
ARM GAS  C:\Users\PIERRE~1\AppData\Local\Temp\cc0JG3gO.s 			page 2


  58 001d 16       		.byte	22
  59 001e 01       		.byte	1
  60 001f 40       		.byte	64
  61 0020 33       		.byte	51
  62 0021 17       		.byte	23
  63 0022 01       		.byte	1
  64 0023 40       		.byte	64
  65 0024 01       		.byte	1
  66 0025 19       		.byte	25
  67 0026 01       		.byte	1
  68 0027 40       		.byte	64
  69 0028 03       		.byte	3
  70 0029 40       		.byte	64
  71 002a 01       		.byte	1
  72 002b 40       		.byte	64
  73 002c 01       		.byte	1
  74 002d 41       		.byte	65
  75 002e 01       		.byte	1
  76 002f 40       		.byte	64
  77 0030 01       		.byte	1
  78 0031 42       		.byte	66
  79 0032 01       		.byte	1
  80 0033 40       		.byte	64
  81 0034 07       		.byte	7
  82 0035 43       		.byte	67
  83 0036 01       		.byte	1
  84 0037 40       		.byte	64
  85 0038 11       		.byte	17
  86 0039 48       		.byte	72
  87 003a 01       		.byte	1
  88 003b 40       		.byte	64
  89 003c 04       		.byte	4
  90 003d 49       		.byte	73
  91 003e 01       		.byte	1
  92 003f 40       		.byte	64
  93 0040 04       		.byte	4
  94 0041 4C       		.byte	76
  95 0042 01       		.byte	1
  96 0043 40       		.byte	64
  97 0044 04       		.byte	4
  98 0045 50       		.byte	80
  99 0046 01       		.byte	1
 100 0047 40       		.byte	64
 101 0048 01       		.byte	1
 102 0049 51       		.byte	81
 103 004a 01       		.byte	1
 104 004b 40       		.byte	64
 105 004c 7D       		.byte	125
 106 004d 01       		.byte	1
 107 004e 01       		.byte	1
 108 004f 10       		.byte	16
 109 0050 0A       		.byte	10
 110 0051 B1       		.byte	-79
 111 0052 78       		.byte	120
 112 0053 08       		.byte	8
 113 0054 79       		.byte	121
 114 0055 02       		.byte	2
ARM GAS  C:\Users\PIERRE~1\AppData\Local\Temp\cc0JG3gO.s 			page 3


 115 0056 86       		.byte	-122
 116 0057 0F       		.byte	15
 117 0058 05       		.byte	5
 118 0059 12       		.byte	18
 119 005a 06       		.byte	6
 120 005b 02       		.byte	2
 121 005c 07       		.byte	7
 122 005d 20       		.byte	32
 123 005e 0D       		.byte	13
 124 005f 02       		.byte	2
 125 0060 0E       		.byte	14
 126 0061 25       		.byte	37
 127 0062 17       		.byte	23
 128 0063 15       		.byte	21
 129 0064 1D       		.byte	29
 130 0065 90       		.byte	-112
 131 0066 1E       		.byte	30
 132 0067 42       		.byte	66
 133 0068 25       		.byte	37
 134 0069 22       		.byte	34
 135 006a 26       		.byte	38
 136 006b 18       		.byte	24
 137 006c 27       		.byte	39
 138 006d 60       		.byte	96
 139 006e 2E       		.byte	46
 140 006f 01       		.byte	1
 141 0070 2F       		.byte	47
 142 0071 20       		.byte	32
 143 0072 36       		.byte	54
 144 0073 18       		.byte	24
 145 0074 37       		.byte	55
 146 0075 41       		.byte	65
 147 0076 3E       		.byte	62
 148 0077 16       		.byte	22
 149 0078 3F       		.byte	63
 150 0079 80       		.byte	-128
 151 007a 45       		.byte	69
 152 007b A2       		.byte	-94
 153 007c 4D       		.byte	77
 154 007d 02       		.byte	2
 155 007e 4E       		.byte	78
 156 007f 0A       		.byte	10
 157 0080 4F       		.byte	79
 158 0081 04       		.byte	4
 159 0082 54       		.byte	84
 160 0083 80       		.byte	-128
 161 0084 56       		.byte	86
 162 0085 10       		.byte	16
 163 0086 57       		.byte	87
 164 0087 42       		.byte	66
 165 0088 65       		.byte	101
 166 0089 01       		.byte	1
 167 008a 6E       		.byte	110
 168 008b 11       		.byte	17
 169 008c 6F       		.byte	111
 170 008d 35       		.byte	53
 171 008e 76       		.byte	118
ARM GAS  C:\Users\PIERRE~1\AppData\Local\Temp\cc0JG3gO.s 			page 4


 172 008f 02       		.byte	2
 173 0090 8A       		.byte	-118
 174 0091 02       		.byte	2
 175 0092 C0       		.byte	-64
 176 0093 F0       		.byte	-16
 177 0094 C2       		.byte	-62
 178 0095 F0       		.byte	-16
 179 0096 C4       		.byte	-60
 180 0097 70       		.byte	112
 181 0098 CA       		.byte	-54
 182 0099 C0       		.byte	-64
 183 009a CC       		.byte	-52
 184 009b F0       		.byte	-16
 185 009c CE       		.byte	-50
 186 009d F0       		.byte	-16
 187 009e D0       		.byte	-48
 188 009f B0       		.byte	-80
 189 00a0 D2       		.byte	-46
 190 00a1 30       		.byte	48
 191 00a2 D8       		.byte	-40
 192 00a3 80       		.byte	-128
 193 00a4 E4       		.byte	-28
 194 00a5 20       		.byte	32
 195 00a6 39       		.byte	57
 196 00a7 08       		.byte	8
 197 00a8 3F       		.byte	63
 198 00a9 04       		.byte	4
 199 00aa 59       		.byte	89
 200 00ab 04       		.byte	4
 201 00ac 5F       		.byte	95
 202 00ad 01       		.byte	1
 203 00ae 23       		.byte	35
 204 00af 10       		.byte	16
 205 00b0 8B       		.byte	-117
 206 00b1 10       		.byte	16
 207 00b2 A9       		.byte	-87
 208 00b3 01       		.byte	1
 209 00b4 B0       		.byte	-80
 210 00b5 80       		.byte	-128
 211 00b6 B3       		.byte	-77
 212 00b7 10       		.byte	16
 213 00b8 B4       		.byte	-76
 214 00b9 04       		.byte	4
 215 00ba B6       		.byte	-74
 216 00bb 84       		.byte	-124
 217 00bc B7       		.byte	-73
 218 00bd 02       		.byte	2
 219 00be E6       		.byte	-26
 220 00bf 80       		.byte	-128
 221 00c0 00       		.byte	0
 222 00c1 12       		.byte	18
 223 00c2 02       		.byte	2
 224 00c3 64       		.byte	100
 225 00c4 03       		.byte	3
 226 00c5 10       		.byte	16
 227 00c6 04       		.byte	4
 228 00c7 72       		.byte	114
ARM GAS  C:\Users\PIERRE~1\AppData\Local\Temp\cc0JG3gO.s 			page 5


 229 00c8 06       		.byte	6
 230 00c9 08       		.byte	8
 231 00ca 08       		.byte	8
 232 00cb 10       		.byte	16
 233 00cc 09       		.byte	9
 234 00cd 0E       		.byte	14
 235 00ce 0A       		.byte	10
 236 00cf 60       		.byte	96
 237 00d0 0C       		.byte	12
 238 00d1 CD       		.byte	-51
 239 00d2 10       		.byte	16
 240 00d3 02       		.byte	2
 241 00d4 12       		.byte	18
 242 00d5 0D       		.byte	13
 243 00d6 14       		.byte	20
 244 00d7 01       		.byte	1
 245 00d8 15       		.byte	21
 246 00d9 44       		.byte	68
 247 00da 16       		.byte	22
 248 00db 32       		.byte	50
 249 00dc 17       		.byte	23
 250 00dd 39       		.byte	57
 251 00de 19       		.byte	25
 252 00df 63       		.byte	99
 253 00e0 1A       		.byte	26
 254 00e1 80       		.byte	-128
 255 00e2 1B       		.byte	27
 256 00e3 04       		.byte	4
 257 00e4 1C       		.byte	28
 258 00e5 CD       		.byte	-51
 259 00e6 1D       		.byte	29
 260 00e7 45       		.byte	69
 261 00e8 1F       		.byte	31
 262 00e9 3A       		.byte	58
 263 00ea 20       		.byte	32
 264 00eb 4D       		.byte	77
 265 00ec 22       		.byte	34
 266 00ed 80       		.byte	-128
 267 00ee 24       		.byte	36
 268 00ef 8D       		.byte	-115
 269 00f0 26       		.byte	38
 270 00f1 40       		.byte	64
 271 00f2 28       		.byte	40
 272 00f3 CD       		.byte	-51
 273 00f4 30       		.byte	48
 274 00f5 0F       		.byte	15
 275 00f6 31       		.byte	49
 276 00f7 30       		.byte	48
 277 00f8 32       		.byte	50
 278 00f9 80       		.byte	-128
 279 00fa 33       		.byte	51
 280 00fb 0F       		.byte	15
 281 00fc 34       		.byte	52
 282 00fd 70       		.byte	112
 283 00fe 37       		.byte	55
 284 00ff 40       		.byte	64
 285 0100 39       		.byte	57
ARM GAS  C:\Users\PIERRE~1\AppData\Local\Temp\cc0JG3gO.s 			page 6


 286 0101 08       		.byte	8
 287 0102 3A       		.byte	58
 288 0103 22       		.byte	34
 289 0104 3E       		.byte	62
 290 0105 04       		.byte	4
 291 0106 3F       		.byte	63
 292 0107 40       		.byte	64
 293 0108 54       		.byte	84
 294 0109 09       		.byte	9
 295 010a 58       		.byte	88
 296 010b 04       		.byte	4
 297 010c 59       		.byte	89
 298 010d 04       		.byte	4
 299 010e 5B       		.byte	91
 300 010f 04       		.byte	4
 301 0110 5F       		.byte	95
 302 0111 01       		.byte	1
 303 0112 80       		.byte	-128
 304 0113 05       		.byte	5
 305 0114 82       		.byte	-126
 306 0115 0A       		.byte	10
 307 0116 88       		.byte	-120
 308 0117 09       		.byte	9
 309 0118 8A       		.byte	-118
 310 0119 06       		.byte	6
 311 011a 8C       		.byte	-116
 312 011b 02       		.byte	2
 313 011c 8E       		.byte	-114
 314 011d 0D       		.byte	13
 315 011e 98       		.byte	-104
 316 011f 03       		.byte	3
 317 0120 9A       		.byte	-102
 318 0121 0C       		.byte	12
 319 0122 B0       		.byte	-80
 320 0123 0F       		.byte	15
 321 0124 BA       		.byte	-70
 322 0125 02       		.byte	2
 323 0126 D4       		.byte	-44
 324 0127 40       		.byte	64
 325 0128 D6       		.byte	-42
 326 0129 04       		.byte	4
 327 012a D8       		.byte	-40
 328 012b 04       		.byte	4
 329 012c DB       		.byte	-37
 330 012d 04       		.byte	4
 331 012e DF       		.byte	-33
 332 012f 01       		.byte	1
 333 0130 00       		.byte	0
 334 0131 40       		.byte	64
 335 0132 02       		.byte	2
 336 0133 08       		.byte	8
 337 0134 03       		.byte	3
 338 0135 40       		.byte	64
 339 0136 05       		.byte	5
 340 0137 10       		.byte	16
 341 0138 06       		.byte	6
 342 0139 02       		.byte	2
ARM GAS  C:\Users\PIERRE~1\AppData\Local\Temp\cc0JG3gO.s 			page 7


 343 013a 07       		.byte	7
 344 013b 60       		.byte	96
 345 013c 09       		.byte	9
 346 013d 20       		.byte	32
 347 013e 0D       		.byte	13
 348 013f 02       		.byte	2
 349 0140 0E       		.byte	14
 350 0141 29       		.byte	41
 351 0142 0F       		.byte	15
 352 0143 04       		.byte	4
 353 0144 10       		.byte	16
 354 0145 01       		.byte	1
 355 0146 11       		.byte	17
 356 0147 80       		.byte	-128
 357 0148 17       		.byte	23
 358 0149 15       		.byte	21
 359 014a 18       		.byte	24
 360 014b 40       		.byte	64
 361 014c 19       		.byte	25
 362 014d 01       		.byte	1
 363 014e 1D       		.byte	29
 364 014f 16       		.byte	22
 365 0150 1E       		.byte	30
 366 0151 04       		.byte	4
 367 0152 24       		.byte	36
 368 0153 10       		.byte	16
 369 0154 25       		.byte	37
 370 0155 41       		.byte	65
 371 0156 36       		.byte	54
 372 0157 18       		.byte	24
 373 0158 37       		.byte	55
 374 0159 40       		.byte	64
 375 015a 3C       		.byte	60
 376 015b 10       		.byte	16
 377 015c 3D       		.byte	61
 378 015d 02       		.byte	2
 379 015e 5C       		.byte	92
 380 015f 04       		.byte	4
 381 0160 5E       		.byte	94
 382 0161 42       		.byte	66
 383 0162 5F       		.byte	95
 384 0163 10       		.byte	16
 385 0164 61       		.byte	97
 386 0165 04       		.byte	4
 387 0166 62       		.byte	98
 388 0167 90       		.byte	-112
 389 0168 63       		.byte	99
 390 0169 40       		.byte	64
 391 016a 64       		.byte	100
 392 016b 01       		.byte	1
 393 016c 80       		.byte	-128
 394 016d 10       		.byte	16
 395 016e 87       		.byte	-121
 396 016f 40       		.byte	64
 397 0170 92       		.byte	-110
 398 0171 41       		.byte	65
 399 0172 93       		.byte	-109
ARM GAS  C:\Users\PIERRE~1\AppData\Local\Temp\cc0JG3gO.s 			page 8


 400 0173 04       		.byte	4
 401 0174 96       		.byte	-106
 402 0175 04       		.byte	4
 403 0176 9A       		.byte	-102
 404 0177 12       		.byte	18
 405 0178 9B       		.byte	-101
 406 0179 75       		.byte	117
 407 017a 9D       		.byte	-99
 408 017b 01       		.byte	1
 409 017c A0       		.byte	-96
 410 017d 80       		.byte	-128
 411 017e A1       		.byte	-95
 412 017f 20       		.byte	32
 413 0180 A2       		.byte	-94
 414 0181 19       		.byte	25
 415 0182 A3       		.byte	-93
 416 0183 02       		.byte	2
 417 0184 A9       		.byte	-87
 418 0185 10       		.byte	16
 419 0186 C0       		.byte	-64
 420 0187 FB       		.byte	-5
 421 0188 C2       		.byte	-62
 422 0189 F2       		.byte	-14
 423 018a C4       		.byte	-60
 424 018b 70       		.byte	112
 425 018c CC       		.byte	-52
 426 018d 70       		.byte	112
 427 018e CE       		.byte	-50
 428 018f A0       		.byte	-96
 429 0190 D6       		.byte	-42
 430 0191 F0       		.byte	-16
 431 0192 D8       		.byte	-40
 432 0193 1F       		.byte	31
 433 0194 EE       		.byte	-18
 434 0195 08       		.byte	8
 435 0196 EE       		.byte	-18
 436 0197 08       		.byte	8
 437 0198 32       		.byte	50
 438 0199 20       		.byte	32
 439 019a 36       		.byte	54
 440 019b 40       		.byte	64
 441 019c CC       		.byte	-52
 442 019d 30       		.byte	48
 443 019e A6       		.byte	-90
 444 019f 60       		.byte	96
 445 01a0 A6       		.byte	-90
 446 01a1 60       		.byte	96
 447 01a2 22       		.byte	34
 448 01a3 01       		.byte	1
 449 01a4 71       		.byte	113
 450 01a5 40       		.byte	64
 451 01a6 86       		.byte	-122
 452 01a7 21       		.byte	33
 453 01a8 88       		.byte	-120
 454 01a9 40       		.byte	64
 455 01aa A6       		.byte	-90
 456 01ab 60       		.byte	96
ARM GAS  C:\Users\PIERRE~1\AppData\Local\Temp\cc0JG3gO.s 			page 9


 457 01ac C8       		.byte	-56
 458 01ad 40       		.byte	64
 459 01ae DC       		.byte	-36
 460 01af 20       		.byte	32
 461 01b0 00       		.byte	0
 462 01b1 80       		.byte	-128
 463 01b2 50       		.byte	80
 464 01b3 04       		.byte	4
 465 01b4 57       		.byte	87
 466 01b5 08       		.byte	8
 467 01b6 58       		.byte	88
 468 01b7 20       		.byte	32
 469 01b8 67       		.byte	103
 470 01b9 80       		.byte	-128
 471 01ba 80       		.byte	-128
 472 01bb 04       		.byte	4
 473 01bc 86       		.byte	-122
 474 01bd 40       		.byte	64
 475 01be 98       		.byte	-104
 476 01bf 20       		.byte	32
 477 01c0 A4       		.byte	-92
 478 01c1 40       		.byte	64
 479 01c2 A6       		.byte	-90
 480 01c3 40       		.byte	64
 481 01c4 A8       		.byte	-88
 482 01c5 20       		.byte	32
 483 01c6 AD       		.byte	-83
 484 01c7 40       		.byte	64
 485 01c8 C0       		.byte	-64
 486 01c9 40       		.byte	64
 487 01ca D4       		.byte	-44
 488 01cb E0       		.byte	-32
 489 01cc D8       		.byte	-40
 490 01cd 80       		.byte	-128
 491 01ce E6       		.byte	-26
 492 01cf C0       		.byte	-64
 493 01d0 EE       		.byte	-18
 494 01d1 30       		.byte	48
 495 01d2 8B       		.byte	-117
 496 01d3 40       		.byte	64
 497 01d4 97       		.byte	-105
 498 01d5 80       		.byte	-128
 499 01d6 AB       		.byte	-85
 500 01d7 08       		.byte	8
 501 01d8 EE       		.byte	-18
 502 01d9 80       		.byte	-128
 503 01da 01       		.byte	1
 504 01db 10       		.byte	16
 505 01dc 95       		.byte	-107
 506 01dd 10       		.byte	16
 507 01de AD       		.byte	-83
 508 01df 10       		.byte	16
 509 01e0 C0       		.byte	-64
 510 01e1 02       		.byte	2
 511 01e2 00       		.byte	0
 512 01e3 01       		.byte	1
 513 01e4 0A       		.byte	10
ARM GAS  C:\Users\PIERRE~1\AppData\Local\Temp\cc0JG3gO.s 			page 10


 514 01e5 01       		.byte	1
 515 01e6 10       		.byte	16
 516 01e7 01       		.byte	1
 517 01e8 1A       		.byte	26
 518 01e9 01       		.byte	1
 519 01ea 00       		.byte	0
 520 01eb 0F       		.byte	15
 521 01ec 60       		.byte	96
 522 01ed 1A       		.byte	26
 523 01ee 00       		.byte	0
 524 01ef 00       		.byte	0
 525 01f0 56       		.byte	86
 526 01f1 18       		.byte	24
 527 01f2 09       		.byte	9
 528 01f3 00       		.byte	0
 529 01f4 01       		.byte	1
 530 01f5 02       		.byte	2
 531 01f6 00       		.byte	0
 532 01f7 18       		.byte	24
 533 01f8 84       		.byte	-124
 534 01f9 82       		.byte	-126
 535 01fa 00       		.byte	0
 536 01fb 00       		.byte	0
 537 01fc 0A       		.byte	10
 538 01fd 18       		.byte	24
 539 01fe 10       		.byte	16
 540 01ff 02       		.byte	2
 541 0200 07       		.byte	7
 542 0201 9C       		.byte	-100
 543 0202 38       		.byte	56
 544 0203 03       		.byte	3
 545 0204 04       		.byte	4
 546 0205 33       		.byte	51
 547 0206 00       		.byte	0
 548 0207 44       		.byte	68
 549 0208 84       		.byte	-124
 550 0209 C1       		.byte	-63
 551 020a 00       		.byte	0
 552 020b 38       		.byte	56
 553 020c 04       		.byte	4
 554 020d 1A       		.byte	26
 555 020e 80       		.byte	-128
 556 020f 00       		.byte	0
 557 0210 80       		.byte	-128
 558 0211 18       		.byte	24
 559 0212 04       		.byte	4
 560 0213 02       		.byte	2
 561 0214 84       		.byte	-124
 562 0215 00       		.byte	0
 563 0216 00       		.byte	0
 564 0217 00       		.byte	0
 565 0218 00       		.byte	0
 566 0219 00       		.byte	0
 567 021a 00       		.byte	0
 568 021b 00       		.byte	0
 569 021c 08       		.byte	8
 570 021d 0F       		.byte	15
ARM GAS  C:\Users\PIERRE~1\AppData\Local\Temp\cc0JG3gO.s 			page 11


 571 021e 00       		.byte	0
 572 021f E0       		.byte	-32
 573 0220 7F       		.byte	127
 574 0221 13       		.byte	19
 575 0222 80       		.byte	-128
 576 0223 00       		.byte	0
 577 0224 20       		.byte	32
 578 0225 00       		.byte	0
 579 0226 00       		.byte	0
 580 0227 0A       		.byte	10
 581 0228 00       		.byte	0
 582 0229 00       		.byte	0
 583 022a 41       		.byte	65
 584 022b 00       		.byte	0
 585 022c 46       		.byte	70
 586 022d 02       		.byte	2
 587 022e 10       		.byte	16
 588 022f 00       		.byte	0
 589 0230 05       		.byte	5
 590 0231 BD       		.byte	-67
 591 0232 FC       		.byte	-4
 592 0233 E0       		.byte	-32
 593 0234 2F       		.byte	47
 594 0235 FF       		.byte	-1
 595 0236 FF       		.byte	-1
 596 0237 FF       		.byte	-1
 597 0238 22       		.byte	34
 598 0239 00       		.byte	0
 599 023a F0       		.byte	-16
 600 023b 08       		.byte	8
 601 023c 04       		.byte	4
 602 023d 00       		.byte	0
 603 023e 00       		.byte	0
 604 023f 00       		.byte	0
 605 0240 00       		.byte	0
 606 0241 00       		.byte	0
 607 0242 02       		.byte	2
 608 0243 2C       		.byte	44
 609 0244 04       		.byte	4
 610 0245 04       		.byte	4
 611 0246 04       		.byte	4
 612 0247 04       		.byte	4
 613 0248 00       		.byte	0
 614 0249 00       		.byte	0
 615 024a 00       		.byte	0
 616 024b 01       		.byte	1
 617 024c 00       		.byte	0
 618 024d 00       		.byte	0
 619 024e C0       		.byte	-64
 620 024f 00       		.byte	0
 621 0250 40       		.byte	64
 622 0251 01       		.byte	1
 623 0252 10       		.byte	16
 624 0253 11       		.byte	17
 625 0254 C0       		.byte	-64
 626 0255 01       		.byte	1
 627 0256 00       		.byte	0
ARM GAS  C:\Users\PIERRE~1\AppData\Local\Temp\cc0JG3gO.s 			page 12


 628 0257 11       		.byte	17
 629 0258 40       		.byte	64
 630 0259 01       		.byte	1
 631 025a 40       		.byte	64
 632 025b 01       		.byte	1
 633 025c 00       		.byte	0
 634 025d 00       		.byte	0
 635 025e 00       		.byte	0
 636 025f 00       		.byte	0
 637 0260 00       		.byte	0
 638 0261 00       		.byte	0
 639 0262 00       		.byte	0
 640 0263 00       		.byte	0
 641 0264 00       		.byte	0
 642 0265 00       		.byte	0
 643 0266 00       		.byte	0
 644 0267 00       		.byte	0
 645 0268 00       		.byte	0
 646 0269 00       		.byte	0
 647 026a 00       		.byte	0
 648 026b 00       		.byte	0
 649 026c 24       		.byte	36
 650 026d 2B       		.byte	43
 651 026e 2B       		.byte	43
 652 026f 00       		.byte	0
 653 0270 0B       		.byte	11
 654 0271 00       		.byte	0
 655 0272 00       		.byte	0
 656 0273 00       		.byte	0
 657 0274 F0       		.byte	-16
 658 0275 00       		.byte	0
 659 0276 00       		.byte	0
 660 0277 FF       		.byte	-1
 661 0278 FF       		.byte	-1
 662 0279 00       		.byte	0
 663 027a 00       		.byte	0
 664 027b 00       		.byte	0
 665 027c 00       		.byte	0
 666 027d 00       		.byte	0
 667 027e 00       		.byte	0
 668 027f 00       		.byte	0
 669              		.section	.cywolatch,"a",%progbits
 670              		.align	2
 671              		.type	cy_meta_wonvl, %object
 672              		.size	cy_meta_wonvl, 4
 673              	cy_meta_wonvl:
 674 0000 BC       		.byte	-68
 675 0001 90       		.byte	-112
 676 0002 AC       		.byte	-84
 677 0003 AF       		.byte	-81
 678              		.section	.cycustnvl,"a",%progbits
 679              		.align	2
 680              		.type	cy_meta_custnvl, %object
 681              		.size	cy_meta_custnvl, 4
 682              	cy_meta_custnvl:
 683 0000 00       		.byte	0
 684 0001 00       		.byte	0
ARM GAS  C:\Users\PIERRE~1\AppData\Local\Temp\cc0JG3gO.s 			page 13


 685 0002 40       		.byte	64
 686 0003 05       		.byte	5
 687              		.section	.cymeta,"a",%progbits
 688              		.align	2
 689              		.type	cy_metadata, %object
 690              		.size	cy_metadata, 12
 691              	cy_metadata:
 692 0000 00       		.byte	0
 693 0001 01       		.byte	1
 694 0002 2E       		.byte	46
 695 0003 16       		.byte	22
 696 0004 10       		.byte	16
 697 0005 69       		.byte	105
 698 0006 00       		.byte	0
 699 0007 01       		.byte	1
 700 0008 00       		.byte	0
 701 0009 00       		.byte	0
 702 000a 00       		.byte	0
 703 000b 00       		.byte	0
 704              		.section	.cyflashprotect,"a",%progbits
 705              		.align	2
 706              		.type	cy_meta_flashprotect, %object
 707              		.size	cy_meta_flashprotect, 256
 708              	cy_meta_flashprotect:
 709 0000 00000000 		.space	256
 709      00000000 
 709      00000000 
 709      00000000 
 709      00000000 
 710              		.text
 711              	.Letext0:
 712              		.file 1 "c:\\program files (x86)\\cypress\\psoc creator\\4.3\\psoc creator\\import\\gnu\\arm\\5.4.
 713              		.file 2 "c:\\program files (x86)\\cypress\\psoc creator\\4.3\\psoc creator\\import\\gnu\\arm\\5.4.
 714              		.file 3 "Generated_Source\\PSoC5\\cymetadata.c"
 715              		.section	.debug_info,"",%progbits
 716              	.Ldebug_info0:
 717 0000 31010000 		.4byte	0x131
 718 0004 0400     		.2byte	0x4
 719 0006 00000000 		.4byte	.Ldebug_abbrev0
 720 000a 04       		.byte	0x4
 721 000b 01       		.uleb128 0x1
 722 000c 24000000 		.4byte	.LASF17
 723 0010 0C       		.byte	0xc
 724 0011 DD010000 		.4byte	.LASF18
 725 0015 5F010000 		.4byte	.LASF19
 726 0019 00000000 		.4byte	.Ldebug_line0
 727 001d 02       		.uleb128 0x2
 728 001e 01       		.byte	0x1
 729 001f 06       		.byte	0x6
 730 0020 D1010000 		.4byte	.LASF0
 731 0024 03       		.uleb128 0x3
 732 0025 00000000 		.4byte	.LASF9
 733 0029 01       		.byte	0x1
 734 002a 1D       		.byte	0x1d
 735 002b 2F000000 		.4byte	0x2f
 736 002f 02       		.uleb128 0x2
 737 0030 01       		.byte	0x1
ARM GAS  C:\Users\PIERRE~1\AppData\Local\Temp\cc0JG3gO.s 			page 14


 738 0031 08       		.byte	0x8
 739 0032 16000000 		.4byte	.LASF1
 740 0036 02       		.uleb128 0x2
 741 0037 02       		.byte	0x2
 742 0038 05       		.byte	0x5
 743 0039 BE010000 		.4byte	.LASF2
 744 003d 02       		.uleb128 0x2
 745 003e 02       		.byte	0x2
 746 003f 07       		.byte	0x7
 747 0040 C4000000 		.4byte	.LASF3
 748 0044 02       		.uleb128 0x2
 749 0045 04       		.byte	0x4
 750 0046 05       		.byte	0x5
 751 0047 C8010000 		.4byte	.LASF4
 752 004b 02       		.uleb128 0x2
 753 004c 04       		.byte	0x4
 754 004d 07       		.byte	0x7
 755 004e B2000000 		.4byte	.LASF5
 756 0052 02       		.uleb128 0x2
 757 0053 08       		.byte	0x8
 758 0054 05       		.byte	0x5
 759 0055 51010000 		.4byte	.LASF6
 760 0059 02       		.uleb128 0x2
 761 005a 08       		.byte	0x8
 762 005b 07       		.byte	0x7
 763 005c 06010000 		.4byte	.LASF7
 764 0060 04       		.uleb128 0x4
 765 0061 04       		.byte	0x4
 766 0062 05       		.byte	0x5
 767 0063 696E7400 		.ascii	"int\000"
 768 0067 02       		.uleb128 0x2
 769 0068 04       		.byte	0x4
 770 0069 07       		.byte	0x7
 771 006a F9000000 		.4byte	.LASF8
 772 006e 03       		.uleb128 0x3
 773 006f 1D010000 		.4byte	.LASF10
 774 0073 02       		.byte	0x2
 775 0074 18       		.byte	0x18
 776 0075 24000000 		.4byte	0x24
 777 0079 05       		.uleb128 0x5
 778 007a 91000000 		.4byte	0x91
 779 007e 8A000000 		.4byte	0x8a
 780 0082 06       		.uleb128 0x6
 781 0083 8A000000 		.4byte	0x8a
 782 0087 7F02     		.2byte	0x27f
 783 0089 00       		.byte	0
 784 008a 02       		.uleb128 0x2
 785 008b 04       		.byte	0x4
 786 008c 07       		.byte	0x7
 787 008d 48010000 		.4byte	.LASF11
 788 0091 07       		.uleb128 0x7
 789 0092 6E000000 		.4byte	0x6e
 790 0096 08       		.uleb128 0x8
 791 0097 E7000000 		.4byte	.LASF12
 792 009b 03       		.byte	0x3
 793 009c 1F       		.byte	0x1f
 794 009d A7000000 		.4byte	0xa7
ARM GAS  C:\Users\PIERRE~1\AppData\Local\Temp\cc0JG3gO.s 			page 15


 795 00a1 05       		.uleb128 0x5
 796 00a2 03       		.byte	0x3
 797 00a3 00000000 		.4byte	cy_meta_configecc
 798 00a7 07       		.uleb128 0x7
 799 00a8 79000000 		.4byte	0x79
 800 00ac 05       		.uleb128 0x5
 801 00ad 91000000 		.4byte	0x91
 802 00b1 BC000000 		.4byte	0xbc
 803 00b5 09       		.uleb128 0x9
 804 00b6 8A000000 		.4byte	0x8a
 805 00ba 03       		.byte	0x3
 806 00bb 00       		.byte	0
 807 00bc 08       		.uleb128 0x8
 808 00bd D7000000 		.4byte	.LASF13
 809 00c1 03       		.byte	0x3
 810 00c2 7C       		.byte	0x7c
 811 00c3 CD000000 		.4byte	0xcd
 812 00c7 05       		.uleb128 0x5
 813 00c8 03       		.byte	0x3
 814 00c9 00000000 		.4byte	cy_meta_custnvl
 815 00cd 07       		.uleb128 0x7
 816 00ce AC000000 		.4byte	0xac
 817 00d2 08       		.uleb128 0x8
 818 00d3 3A010000 		.4byte	.LASF14
 819 00d7 03       		.byte	0x3
 820 00d8 8A       		.byte	0x8a
 821 00d9 E3000000 		.4byte	0xe3
 822 00dd 05       		.uleb128 0x5
 823 00de 03       		.byte	0x3
 824 00df 00000000 		.4byte	cy_meta_wonvl
 825 00e3 07       		.uleb128 0x7
 826 00e4 AC000000 		.4byte	0xac
 827 00e8 05       		.uleb128 0x5
 828 00e9 91000000 		.4byte	0x91
 829 00ed F8000000 		.4byte	0xf8
 830 00f1 09       		.uleb128 0x9
 831 00f2 8A000000 		.4byte	0x8a
 832 00f6 FF       		.byte	0xff
 833 00f7 00       		.byte	0
 834 00f8 08       		.uleb128 0x8
 835 00f9 25010000 		.4byte	.LASF15
 836 00fd 03       		.byte	0x3
 837 00fe 98       		.byte	0x98
 838 00ff 09010000 		.4byte	0x109
 839 0103 05       		.uleb128 0x5
 840 0104 03       		.byte	0x3
 841 0105 00000000 		.4byte	cy_meta_flashprotect
 842 0109 07       		.uleb128 0x7
 843 010a E8000000 		.4byte	0xe8
 844 010e 05       		.uleb128 0x5
 845 010f 91000000 		.4byte	0x91
 846 0113 1E010000 		.4byte	0x11e
 847 0117 09       		.uleb128 0x9
 848 0118 8A000000 		.4byte	0x8a
 849 011c 0B       		.byte	0xb
 850 011d 00       		.byte	0
 851 011e 08       		.uleb128 0x8
ARM GAS  C:\Users\PIERRE~1\AppData\Local\Temp\cc0JG3gO.s 			page 16


 852 011f 0A000000 		.4byte	.LASF16
 853 0123 03       		.byte	0x3
 854 0124 C5       		.byte	0xc5
 855 0125 2F010000 		.4byte	0x12f
 856 0129 05       		.uleb128 0x5
 857 012a 03       		.byte	0x3
 858 012b 00000000 		.4byte	cy_metadata
 859 012f 07       		.uleb128 0x7
 860 0130 0E010000 		.4byte	0x10e
 861 0134 00       		.byte	0
 862              		.section	.debug_abbrev,"",%progbits
 863              	.Ldebug_abbrev0:
 864 0000 01       		.uleb128 0x1
 865 0001 11       		.uleb128 0x11
 866 0002 01       		.byte	0x1
 867 0003 25       		.uleb128 0x25
 868 0004 0E       		.uleb128 0xe
 869 0005 13       		.uleb128 0x13
 870 0006 0B       		.uleb128 0xb
 871 0007 03       		.uleb128 0x3
 872 0008 0E       		.uleb128 0xe
 873 0009 1B       		.uleb128 0x1b
 874 000a 0E       		.uleb128 0xe
 875 000b 10       		.uleb128 0x10
 876 000c 17       		.uleb128 0x17
 877 000d 00       		.byte	0
 878 000e 00       		.byte	0
 879 000f 02       		.uleb128 0x2
 880 0010 24       		.uleb128 0x24
 881 0011 00       		.byte	0
 882 0012 0B       		.uleb128 0xb
 883 0013 0B       		.uleb128 0xb
 884 0014 3E       		.uleb128 0x3e
 885 0015 0B       		.uleb128 0xb
 886 0016 03       		.uleb128 0x3
 887 0017 0E       		.uleb128 0xe
 888 0018 00       		.byte	0
 889 0019 00       		.byte	0
 890 001a 03       		.uleb128 0x3
 891 001b 16       		.uleb128 0x16
 892 001c 00       		.byte	0
 893 001d 03       		.uleb128 0x3
 894 001e 0E       		.uleb128 0xe
 895 001f 3A       		.uleb128 0x3a
 896 0020 0B       		.uleb128 0xb
 897 0021 3B       		.uleb128 0x3b
 898 0022 0B       		.uleb128 0xb
 899 0023 49       		.uleb128 0x49
 900 0024 13       		.uleb128 0x13
 901 0025 00       		.byte	0
 902 0026 00       		.byte	0
 903 0027 04       		.uleb128 0x4
 904 0028 24       		.uleb128 0x24
 905 0029 00       		.byte	0
 906 002a 0B       		.uleb128 0xb
 907 002b 0B       		.uleb128 0xb
 908 002c 3E       		.uleb128 0x3e
ARM GAS  C:\Users\PIERRE~1\AppData\Local\Temp\cc0JG3gO.s 			page 17


 909 002d 0B       		.uleb128 0xb
 910 002e 03       		.uleb128 0x3
 911 002f 08       		.uleb128 0x8
 912 0030 00       		.byte	0
 913 0031 00       		.byte	0
 914 0032 05       		.uleb128 0x5
 915 0033 01       		.uleb128 0x1
 916 0034 01       		.byte	0x1
 917 0035 49       		.uleb128 0x49
 918 0036 13       		.uleb128 0x13
 919 0037 01       		.uleb128 0x1
 920 0038 13       		.uleb128 0x13
 921 0039 00       		.byte	0
 922 003a 00       		.byte	0
 923 003b 06       		.uleb128 0x6
 924 003c 21       		.uleb128 0x21
 925 003d 00       		.byte	0
 926 003e 49       		.uleb128 0x49
 927 003f 13       		.uleb128 0x13
 928 0040 2F       		.uleb128 0x2f
 929 0041 05       		.uleb128 0x5
 930 0042 00       		.byte	0
 931 0043 00       		.byte	0
 932 0044 07       		.uleb128 0x7
 933 0045 26       		.uleb128 0x26
 934 0046 00       		.byte	0
 935 0047 49       		.uleb128 0x49
 936 0048 13       		.uleb128 0x13
 937 0049 00       		.byte	0
 938 004a 00       		.byte	0
 939 004b 08       		.uleb128 0x8
 940 004c 34       		.uleb128 0x34
 941 004d 00       		.byte	0
 942 004e 03       		.uleb128 0x3
 943 004f 0E       		.uleb128 0xe
 944 0050 3A       		.uleb128 0x3a
 945 0051 0B       		.uleb128 0xb
 946 0052 3B       		.uleb128 0x3b
 947 0053 0B       		.uleb128 0xb
 948 0054 49       		.uleb128 0x49
 949 0055 13       		.uleb128 0x13
 950 0056 3F       		.uleb128 0x3f
 951 0057 19       		.uleb128 0x19
 952 0058 02       		.uleb128 0x2
 953 0059 18       		.uleb128 0x18
 954 005a 00       		.byte	0
 955 005b 00       		.byte	0
 956 005c 09       		.uleb128 0x9
 957 005d 21       		.uleb128 0x21
 958 005e 00       		.byte	0
 959 005f 49       		.uleb128 0x49
 960 0060 13       		.uleb128 0x13
 961 0061 2F       		.uleb128 0x2f
 962 0062 0B       		.uleb128 0xb
 963 0063 00       		.byte	0
 964 0064 00       		.byte	0
 965 0065 00       		.byte	0
ARM GAS  C:\Users\PIERRE~1\AppData\Local\Temp\cc0JG3gO.s 			page 18


 966              		.section	.debug_aranges,"",%progbits
 967 0000 14000000 		.4byte	0x14
 968 0004 0200     		.2byte	0x2
 969 0006 00000000 		.4byte	.Ldebug_info0
 970 000a 04       		.byte	0x4
 971 000b 00       		.byte	0
 972 000c 0000     		.2byte	0
 973 000e 0000     		.2byte	0
 974 0010 00000000 		.4byte	0
 975 0014 00000000 		.4byte	0
 976              		.section	.debug_line,"",%progbits
 977              	.Ldebug_line0:
 978 0000 3D010000 		.section	.debug_str,"MS",%progbits,1
 978      02003701 
 978      00000201 
 978      FB0E0D00 
 978      01010101 
 979              	.LASF9:
 980 0000 5F5F7569 		.ascii	"__uint8_t\000"
 980      6E74385F 
 980      7400
 981              	.LASF16:
 982 000a 63795F6D 		.ascii	"cy_metadata\000"
 982      65746164 
 982      61746100 
 983              	.LASF1:
 984 0016 756E7369 		.ascii	"unsigned char\000"
 984      676E6564 
 984      20636861 
 984      7200
 985              	.LASF17:
 986 0024 474E5520 		.ascii	"GNU C11 5.4.1 20160609 (release) [ARM/embedded-5-br"
 986      43313120 
 986      352E342E 
 986      31203230 
 986      31363036 
 987 0057 616E6368 		.ascii	"anch revision 237715] -mcpu=cortex-m3 -mthumb -g -O"
 987      20726576 
 987      6973696F 
 987      6E203233 
 987      37373135 
 988 008a 67202D66 		.ascii	"g -ffunction-sections -ffat-lto-objects\000"
 988      66756E63 
 988      74696F6E 
 988      2D736563 
 988      74696F6E 
 989              	.LASF5:
 990 00b2 6C6F6E67 		.ascii	"long unsigned int\000"
 990      20756E73 
 990      69676E65 
 990      6420696E 
 990      7400
 991              	.LASF3:
 992 00c4 73686F72 		.ascii	"short unsigned int\000"
 992      7420756E 
 992      7369676E 
 992      65642069 
ARM GAS  C:\Users\PIERRE~1\AppData\Local\Temp\cc0JG3gO.s 			page 19


 992      6E7400
 993              	.LASF13:
 994 00d7 63795F6D 		.ascii	"cy_meta_custnvl\000"
 994      6574615F 
 994      63757374 
 994      6E766C00 
 995              	.LASF12:
 996 00e7 63795F6D 		.ascii	"cy_meta_configecc\000"
 996      6574615F 
 996      636F6E66 
 996      69676563 
 996      6300
 997              	.LASF8:
 998 00f9 756E7369 		.ascii	"unsigned int\000"
 998      676E6564 
 998      20696E74 
 998      00
 999              	.LASF7:
 1000 0106 6C6F6E67 		.ascii	"long long unsigned int\000"
 1000      206C6F6E 
 1000      6720756E 
 1000      7369676E 
 1000      65642069 
 1001              	.LASF10:
 1002 011d 75696E74 		.ascii	"uint8_t\000"
 1002      385F7400 
 1003              	.LASF15:
 1004 0125 63795F6D 		.ascii	"cy_meta_flashprotect\000"
 1004      6574615F 
 1004      666C6173 
 1004      6870726F 
 1004      74656374 
 1005              	.LASF14:
 1006 013a 63795F6D 		.ascii	"cy_meta_wonvl\000"
 1006      6574615F 
 1006      776F6E76 
 1006      6C00
 1007              	.LASF11:
 1008 0148 73697A65 		.ascii	"sizetype\000"
 1008      74797065 
 1008      00
 1009              	.LASF6:
 1010 0151 6C6F6E67 		.ascii	"long long int\000"
 1010      206C6F6E 
 1010      6720696E 
 1010      7400
 1011              	.LASF19:
 1012 015f 433A5C55 		.ascii	"C:\\Users\\Pierre Vander Eyken\\Desktop\\memoire\\N"
 1012      73657273 
 1012      5C506965 
 1012      72726520 
 1012      56616E64 
 1013 018d 6577436F 		.ascii	"ewCode\\Slave\\PSoC_slave\\write_fonction_spi.cydsn"
 1013      64655C53 
 1013      6C617665 
 1013      5C50536F 
 1013      435F736C 
ARM GAS  C:\Users\PIERRE~1\AppData\Local\Temp\cc0JG3gO.s 			page 20


 1014 01bd 00       		.ascii	"\000"
 1015              	.LASF2:
 1016 01be 73686F72 		.ascii	"short int\000"
 1016      7420696E 
 1016      7400
 1017              	.LASF4:
 1018 01c8 6C6F6E67 		.ascii	"long int\000"
 1018      20696E74 
 1018      00
 1019              	.LASF0:
 1020 01d1 7369676E 		.ascii	"signed char\000"
 1020      65642063 
 1020      68617200 
 1021              	.LASF18:
 1022 01dd 47656E65 		.ascii	"Generated_Source\\PSoC5\\cymetadata.c\000"
 1022      72617465 
 1022      645F536F 
 1022      75726365 
 1022      5C50536F 
 1023              		.ident	"GCC: (GNU Tools for ARM Embedded Processors) 5.4.1 20160609 (release) [ARM/embedded-5-bran
