ARM GAS  C:\Users\PIERRE~1\AppData\Local\Temp\ccKffbeU.s 			page 1


   1              		.syntax unified
   2              		.cpu cortex-m3
   3              		.fpu softvfp
   4              		.eabi_attribute 20, 1
   5              		.eabi_attribute 21, 1
   6              		.eabi_attribute 23, 3
   7              		.eabi_attribute 24, 1
   8              		.eabi_attribute 25, 1
   9              		.eabi_attribute 26, 1
  10              		.eabi_attribute 30, 1
  11              		.eabi_attribute 34, 1
  12              		.eabi_attribute 18, 4
  13              		.thumb
  14              		.syntax unified
  15              		.file	"cymetadata.c"
  16              		.text
  17              	.Ltext0:
  18              		.cfi_sections	.debug_frame
  19              		.global	cy_metadata
  20              		.global	cy_meta_flashprotect
  21              		.global	cy_meta_wonvl
  22              		.global	cy_meta_custnvl
  23              		.global	cy_meta_configecc
  24              		.section	.cyconfigecc,"a",%progbits
  25              		.align	2
  26              		.type	cy_meta_configecc, %object
  27              		.size	cy_meta_configecc, 716
  28              	cy_meta_configecc:
  29 0000 02       		.byte	2
  30 0001 45       		.byte	69
  31 0002 00       		.byte	0
  32 0003 40       		.byte	64
  33 0004 02       		.byte	2
  34 0005 4F       		.byte	79
  35 0006 00       		.byte	0
  36 0007 40       		.byte	64
  37 0008 03       		.byte	3
  38 0009 52       		.byte	82
  39 000a 00       		.byte	0
  40 000b 40       		.byte	64
  41 000c 01       		.byte	1
  42 000d 64       		.byte	100
  43 000e 00       		.byte	0
  44 000f 40       		.byte	64
  45 0010 01       		.byte	1
  46 0011 05       		.byte	5
  47 0012 01       		.byte	1
  48 0013 40       		.byte	64
  49 0014 25       		.byte	37
  50 0015 07       		.byte	7
  51 0016 01       		.byte	1
  52 0017 40       		.byte	64
  53 0018 01       		.byte	1
  54 0019 0B       		.byte	11
  55 001a 01       		.byte	1
  56 001b 40       		.byte	64
  57 001c 04       		.byte	4
ARM GAS  C:\Users\PIERRE~1\AppData\Local\Temp\ccKffbeU.s 			page 2


  58 001d 14       		.byte	20
  59 001e 01       		.byte	1
  60 001f 40       		.byte	64
  61 0020 0A       		.byte	10
  62 0021 15       		.byte	21
  63 0022 01       		.byte	1
  64 0023 40       		.byte	64
  65 0024 38       		.byte	56
  66 0025 16       		.byte	22
  67 0026 01       		.byte	1
  68 0027 40       		.byte	64
  69 0028 36       		.byte	54
  70 0029 17       		.byte	23
  71 002a 01       		.byte	1
  72 002b 40       		.byte	64
  73 002c 03       		.byte	3
  74 002d 19       		.byte	25
  75 002e 01       		.byte	1
  76 002f 40       		.byte	64
  77 0030 04       		.byte	4
  78 0031 40       		.byte	64
  79 0032 01       		.byte	1
  80 0033 40       		.byte	64
  81 0034 03       		.byte	3
  82 0035 41       		.byte	65
  83 0036 01       		.byte	1
  84 0037 40       		.byte	64
  85 0038 04       		.byte	4
  86 0039 42       		.byte	66
  87 003a 01       		.byte	1
  88 003b 40       		.byte	64
  89 003c 04       		.byte	4
  90 003d 43       		.byte	67
  91 003e 01       		.byte	1
  92 003f 40       		.byte	64
  93 0040 02       		.byte	2
  94 0041 45       		.byte	69
  95 0042 01       		.byte	1
  96 0043 40       		.byte	64
  97 0044 01       		.byte	1
  98 0045 46       		.byte	70
  99 0046 01       		.byte	1
 100 0047 40       		.byte	64
 101 0048 03       		.byte	3
 102 0049 47       		.byte	71
 103 004a 01       		.byte	1
 104 004b 40       		.byte	64
 105 004c 14       		.byte	20
 106 004d 48       		.byte	72
 107 004e 01       		.byte	1
 108 004f 40       		.byte	64
 109 0050 05       		.byte	5
 110 0051 49       		.byte	73
 111 0052 01       		.byte	1
 112 0053 40       		.byte	64
 113 0054 05       		.byte	5
 114 0055 4C       		.byte	76
ARM GAS  C:\Users\PIERRE~1\AppData\Local\Temp\ccKffbeU.s 			page 3


 115 0056 01       		.byte	1
 116 0057 40       		.byte	64
 117 0058 04       		.byte	4
 118 0059 50       		.byte	80
 119 005a 01       		.byte	1
 120 005b 40       		.byte	64
 121 005c 01       		.byte	1
 122 005d 51       		.byte	81
 123 005e 01       		.byte	1
 124 005f 40       		.byte	64
 125 0060 14       		.byte	20
 126 0061 01       		.byte	1
 127 0062 7E       		.byte	126
 128 0063 02       		.byte	2
 129 0064 01       		.byte	1
 130 0065 10       		.byte	16
 131 0066 0A       		.byte	10
 132 0067 B1       		.byte	-79
 133 0068 78       		.byte	120
 134 0069 08       		.byte	8
 135 006a 79       		.byte	121
 136 006b 02       		.byte	2
 137 006c 7C       		.byte	124
 138 006d 40       		.byte	64
 139 006e 86       		.byte	-122
 140 006f 0F       		.byte	15
 141 0070 EE       		.byte	-18
 142 0071 08       		.byte	8
 143 0072 05       		.byte	5
 144 0073 12       		.byte	18
 145 0074 06       		.byte	6
 146 0075 02       		.byte	2
 147 0076 07       		.byte	7
 148 0077 20       		.byte	32
 149 0078 0D       		.byte	13
 150 0079 02       		.byte	2
 151 007a 0E       		.byte	14
 152 007b 25       		.byte	37
 153 007c 17       		.byte	23
 154 007d 15       		.byte	21
 155 007e 1D       		.byte	29
 156 007f 90       		.byte	-112
 157 0080 1E       		.byte	30
 158 0081 42       		.byte	66
 159 0082 25       		.byte	37
 160 0083 22       		.byte	34
 161 0084 26       		.byte	38
 162 0085 18       		.byte	24
 163 0086 27       		.byte	39
 164 0087 60       		.byte	96
 165 0088 2E       		.byte	46
 166 0089 01       		.byte	1
 167 008a 2F       		.byte	47
 168 008b 20       		.byte	32
 169 008c 36       		.byte	54
 170 008d 18       		.byte	24
 171 008e 37       		.byte	55
ARM GAS  C:\Users\PIERRE~1\AppData\Local\Temp\ccKffbeU.s 			page 4


 172 008f 41       		.byte	65
 173 0090 3E       		.byte	62
 174 0091 16       		.byte	22
 175 0092 3F       		.byte	63
 176 0093 80       		.byte	-128
 177 0094 45       		.byte	69
 178 0095 A2       		.byte	-94
 179 0096 4D       		.byte	77
 180 0097 02       		.byte	2
 181 0098 4E       		.byte	78
 182 0099 0A       		.byte	10
 183 009a 4F       		.byte	79
 184 009b 04       		.byte	4
 185 009c 54       		.byte	84
 186 009d 80       		.byte	-128
 187 009e 56       		.byte	86
 188 009f 10       		.byte	16
 189 00a0 57       		.byte	87
 190 00a1 42       		.byte	66
 191 00a2 65       		.byte	101
 192 00a3 01       		.byte	1
 193 00a4 6E       		.byte	110
 194 00a5 11       		.byte	17
 195 00a6 6F       		.byte	111
 196 00a7 35       		.byte	53
 197 00a8 76       		.byte	118
 198 00a9 02       		.byte	2
 199 00aa C0       		.byte	-64
 200 00ab F0       		.byte	-16
 201 00ac C2       		.byte	-62
 202 00ad F0       		.byte	-16
 203 00ae C4       		.byte	-60
 204 00af 70       		.byte	112
 205 00b0 CA       		.byte	-54
 206 00b1 C0       		.byte	-64
 207 00b2 CC       		.byte	-52
 208 00b3 F0       		.byte	-16
 209 00b4 CE       		.byte	-50
 210 00b5 F0       		.byte	-16
 211 00b6 D0       		.byte	-48
 212 00b7 B0       		.byte	-80
 213 00b8 D2       		.byte	-46
 214 00b9 30       		.byte	48
 215 00ba D8       		.byte	-40
 216 00bb 80       		.byte	-128
 217 00bc EE       		.byte	-18
 218 00bd 08       		.byte	8
 219 00be 39       		.byte	57
 220 00bf 20       		.byte	32
 221 00c0 3F       		.byte	63
 222 00c1 10       		.byte	16
 223 00c2 59       		.byte	89
 224 00c3 04       		.byte	4
 225 00c4 5F       		.byte	95
 226 00c5 01       		.byte	1
 227 00c6 22       		.byte	34
 228 00c7 20       		.byte	32
ARM GAS  C:\Users\PIERRE~1\AppData\Local\Temp\ccKffbeU.s 			page 5


 229 00c8 8A       		.byte	-118
 230 00c9 20       		.byte	32
 231 00ca A9       		.byte	-87
 232 00cb 01       		.byte	1
 233 00cc B0       		.byte	-80
 234 00cd 80       		.byte	-128
 235 00ce B3       		.byte	-77
 236 00cf 10       		.byte	16
 237 00d0 B4       		.byte	-76
 238 00d1 04       		.byte	4
 239 00d2 B6       		.byte	-74
 240 00d3 86       		.byte	-122
 241 00d4 B7       		.byte	-73
 242 00d5 02       		.byte	2
 243 00d6 E2       		.byte	-30
 244 00d7 20       		.byte	32
 245 00d8 EC       		.byte	-20
 246 00d9 10       		.byte	16
 247 00da 00       		.byte	0
 248 00db 12       		.byte	18
 249 00dc 02       		.byte	2
 250 00dd 64       		.byte	100
 251 00de 03       		.byte	3
 252 00df 10       		.byte	16
 253 00e0 04       		.byte	4
 254 00e1 72       		.byte	114
 255 00e2 06       		.byte	6
 256 00e3 08       		.byte	8
 257 00e4 08       		.byte	8
 258 00e5 10       		.byte	16
 259 00e6 09       		.byte	9
 260 00e7 0E       		.byte	14
 261 00e8 0A       		.byte	10
 262 00e9 60       		.byte	96
 263 00ea 0C       		.byte	12
 264 00eb CD       		.byte	-51
 265 00ec 10       		.byte	16
 266 00ed 02       		.byte	2
 267 00ee 12       		.byte	18
 268 00ef 0D       		.byte	13
 269 00f0 14       		.byte	20
 270 00f1 01       		.byte	1
 271 00f2 15       		.byte	21
 272 00f3 44       		.byte	68
 273 00f4 16       		.byte	22
 274 00f5 32       		.byte	50
 275 00f6 17       		.byte	23
 276 00f7 39       		.byte	57
 277 00f8 19       		.byte	25
 278 00f9 63       		.byte	99
 279 00fa 1A       		.byte	26
 280 00fb 80       		.byte	-128
 281 00fc 1B       		.byte	27
 282 00fd 04       		.byte	4
 283 00fe 1C       		.byte	28
 284 00ff CD       		.byte	-51
 285 0100 1D       		.byte	29
ARM GAS  C:\Users\PIERRE~1\AppData\Local\Temp\ccKffbeU.s 			page 6


 286 0101 45       		.byte	69
 287 0102 1F       		.byte	31
 288 0103 3A       		.byte	58
 289 0104 20       		.byte	32
 290 0105 4D       		.byte	77
 291 0106 22       		.byte	34
 292 0107 80       		.byte	-128
 293 0108 24       		.byte	36
 294 0109 8D       		.byte	-115
 295 010a 26       		.byte	38
 296 010b 40       		.byte	64
 297 010c 28       		.byte	40
 298 010d CD       		.byte	-51
 299 010e 30       		.byte	48
 300 010f 0F       		.byte	15
 301 0110 31       		.byte	49
 302 0111 30       		.byte	48
 303 0112 32       		.byte	50
 304 0113 80       		.byte	-128
 305 0114 33       		.byte	51
 306 0115 0F       		.byte	15
 307 0116 34       		.byte	52
 308 0117 70       		.byte	112
 309 0118 37       		.byte	55
 310 0119 40       		.byte	64
 311 011a 39       		.byte	57
 312 011b 08       		.byte	8
 313 011c 3A       		.byte	58
 314 011d 22       		.byte	34
 315 011e 3E       		.byte	62
 316 011f 04       		.byte	4
 317 0120 3F       		.byte	63
 318 0121 40       		.byte	64
 319 0122 54       		.byte	84
 320 0123 09       		.byte	9
 321 0124 58       		.byte	88
 322 0125 04       		.byte	4
 323 0126 59       		.byte	89
 324 0127 04       		.byte	4
 325 0128 5B       		.byte	91
 326 0129 04       		.byte	4
 327 012a 5F       		.byte	95
 328 012b 01       		.byte	1
 329 012c 80       		.byte	-128
 330 012d 05       		.byte	5
 331 012e 82       		.byte	-126
 332 012f 0A       		.byte	10
 333 0130 88       		.byte	-120
 334 0131 09       		.byte	9
 335 0132 8A       		.byte	-118
 336 0133 06       		.byte	6
 337 0134 8C       		.byte	-116
 338 0135 02       		.byte	2
 339 0136 8E       		.byte	-114
 340 0137 0D       		.byte	13
 341 0138 98       		.byte	-104
 342 0139 03       		.byte	3
ARM GAS  C:\Users\PIERRE~1\AppData\Local\Temp\ccKffbeU.s 			page 7


 343 013a 9A       		.byte	-102
 344 013b 0C       		.byte	12
 345 013c B0       		.byte	-80
 346 013d 0F       		.byte	15
 347 013e BA       		.byte	-70
 348 013f 02       		.byte	2
 349 0140 D4       		.byte	-44
 350 0141 40       		.byte	64
 351 0142 D6       		.byte	-42
 352 0143 04       		.byte	4
 353 0144 D8       		.byte	-40
 354 0145 04       		.byte	4
 355 0146 DB       		.byte	-37
 356 0147 04       		.byte	4
 357 0148 DF       		.byte	-33
 358 0149 01       		.byte	1
 359 014a 00       		.byte	0
 360 014b 40       		.byte	64
 361 014c 02       		.byte	2
 362 014d 08       		.byte	8
 363 014e 03       		.byte	3
 364 014f 40       		.byte	64
 365 0150 05       		.byte	5
 366 0151 10       		.byte	16
 367 0152 06       		.byte	6
 368 0153 02       		.byte	2
 369 0154 07       		.byte	7
 370 0155 60       		.byte	96
 371 0156 09       		.byte	9
 372 0157 20       		.byte	32
 373 0158 0D       		.byte	13
 374 0159 02       		.byte	2
 375 015a 0E       		.byte	14
 376 015b 29       		.byte	41
 377 015c 0F       		.byte	15
 378 015d 04       		.byte	4
 379 015e 10       		.byte	16
 380 015f 01       		.byte	1
 381 0160 11       		.byte	17
 382 0161 80       		.byte	-128
 383 0162 17       		.byte	23
 384 0163 15       		.byte	21
 385 0164 18       		.byte	24
 386 0165 40       		.byte	64
 387 0166 19       		.byte	25
 388 0167 01       		.byte	1
 389 0168 1D       		.byte	29
 390 0169 16       		.byte	22
 391 016a 1E       		.byte	30
 392 016b 04       		.byte	4
 393 016c 24       		.byte	36
 394 016d 10       		.byte	16
 395 016e 25       		.byte	37
 396 016f 41       		.byte	65
 397 0170 36       		.byte	54
 398 0171 18       		.byte	24
 399 0172 37       		.byte	55
ARM GAS  C:\Users\PIERRE~1\AppData\Local\Temp\ccKffbeU.s 			page 8


 400 0173 40       		.byte	64
 401 0174 3C       		.byte	60
 402 0175 10       		.byte	16
 403 0176 3D       		.byte	61
 404 0177 02       		.byte	2
 405 0178 5C       		.byte	92
 406 0179 04       		.byte	4
 407 017a 5E       		.byte	94
 408 017b 42       		.byte	66
 409 017c 5F       		.byte	95
 410 017d 10       		.byte	16
 411 017e 61       		.byte	97
 412 017f 04       		.byte	4
 413 0180 62       		.byte	98
 414 0181 90       		.byte	-112
 415 0182 63       		.byte	99
 416 0183 40       		.byte	64
 417 0184 64       		.byte	100
 418 0185 01       		.byte	1
 419 0186 80       		.byte	-128
 420 0187 10       		.byte	16
 421 0188 87       		.byte	-121
 422 0189 40       		.byte	64
 423 018a 92       		.byte	-110
 424 018b 41       		.byte	65
 425 018c 93       		.byte	-109
 426 018d 04       		.byte	4
 427 018e 96       		.byte	-106
 428 018f 04       		.byte	4
 429 0190 9A       		.byte	-102
 430 0191 12       		.byte	18
 431 0192 9B       		.byte	-101
 432 0193 75       		.byte	117
 433 0194 9D       		.byte	-99
 434 0195 01       		.byte	1
 435 0196 A0       		.byte	-96
 436 0197 80       		.byte	-128
 437 0198 A1       		.byte	-95
 438 0199 20       		.byte	32
 439 019a A2       		.byte	-94
 440 019b 19       		.byte	25
 441 019c A3       		.byte	-93
 442 019d 02       		.byte	2
 443 019e A6       		.byte	-90
 444 019f 02       		.byte	2
 445 01a0 A9       		.byte	-87
 446 01a1 10       		.byte	16
 447 01a2 C0       		.byte	-64
 448 01a3 FB       		.byte	-5
 449 01a4 C2       		.byte	-62
 450 01a5 F2       		.byte	-14
 451 01a6 C4       		.byte	-60
 452 01a7 70       		.byte	112
 453 01a8 CC       		.byte	-52
 454 01a9 70       		.byte	112
 455 01aa CE       		.byte	-50
 456 01ab A0       		.byte	-96
ARM GAS  C:\Users\PIERRE~1\AppData\Local\Temp\ccKffbeU.s 			page 9


 457 01ac D6       		.byte	-42
 458 01ad F0       		.byte	-16
 459 01ae D8       		.byte	-40
 460 01af 1F       		.byte	31
 461 01b0 E2       		.byte	-30
 462 01b1 02       		.byte	2
 463 01b2 EA       		.byte	-22
 464 01b3 02       		.byte	2
 465 01b4 EE       		.byte	-18
 466 01b5 02       		.byte	2
 467 01b6 E2       		.byte	-30
 468 01b7 02       		.byte	2
 469 01b8 EA       		.byte	-22
 470 01b9 02       		.byte	2
 471 01ba EE       		.byte	-18
 472 01bb 02       		.byte	2
 473 01bc 33       		.byte	51
 474 01bd 81       		.byte	-127
 475 01be 36       		.byte	54
 476 01bf 40       		.byte	64
 477 01c0 37       		.byte	55
 478 01c1 02       		.byte	2
 479 01c2 CC       		.byte	-52
 480 01c3 F0       		.byte	-16
 481 01c4 9F       		.byte	-97
 482 01c5 03       		.byte	3
 483 01c6 A6       		.byte	-90
 484 01c7 40       		.byte	64
 485 01c8 A7       		.byte	-89
 486 01c9 80       		.byte	-128
 487 01ca 9F       		.byte	-97
 488 01cb 03       		.byte	3
 489 01cc A6       		.byte	-90
 490 01cd 40       		.byte	64
 491 01ce AF       		.byte	-81
 492 01cf 80       		.byte	-128
 493 01d0 EE       		.byte	-18
 494 01d1 10       		.byte	16
 495 01d2 68       		.byte	104
 496 01d3 40       		.byte	64
 497 01d4 9F       		.byte	-97
 498 01d5 03       		.byte	3
 499 01d6 A6       		.byte	-90
 500 01d7 40       		.byte	64
 501 01d8 DC       		.byte	-36
 502 01d9 20       		.byte	32
 503 01da 11       		.byte	17
 504 01db 10       		.byte	16
 505 01dc C4       		.byte	-60
 506 01dd 02       		.byte	2
 507 01de AD       		.byte	-83
 508 01df 10       		.byte	16
 509 01e0 09       		.byte	9
 510 01e1 08       		.byte	8
 511 01e2 0F       		.byte	15
 512 01e3 40       		.byte	64
 513 01e4 C2       		.byte	-62
ARM GAS  C:\Users\PIERRE~1\AppData\Local\Temp\ccKffbeU.s 			page 10


 514 01e5 0C       		.byte	12
 515 01e6 02       		.byte	2
 516 01e7 04       		.byte	4
 517 01e8 50       		.byte	80
 518 01e9 04       		.byte	4
 519 01ea 57       		.byte	87
 520 01eb 08       		.byte	8
 521 01ec 58       		.byte	88
 522 01ed 20       		.byte	32
 523 01ee 65       		.byte	101
 524 01ef 20       		.byte	32
 525 01f0 80       		.byte	-128
 526 01f1 04       		.byte	4
 527 01f2 84       		.byte	-124
 528 01f3 40       		.byte	64
 529 01f4 86       		.byte	-122
 530 01f5 40       		.byte	64
 531 01f6 98       		.byte	-104
 532 01f7 20       		.byte	32
 533 01f8 A4       		.byte	-92
 534 01f9 40       		.byte	64
 535 01fa A6       		.byte	-90
 536 01fb 40       		.byte	64
 537 01fc A8       		.byte	-88
 538 01fd 20       		.byte	32
 539 01fe AF       		.byte	-81
 540 01ff 03       		.byte	3
 541 0200 C0       		.byte	-64
 542 0201 40       		.byte	64
 543 0202 D4       		.byte	-44
 544 0203 E0       		.byte	-32
 545 0204 D8       		.byte	-40
 546 0205 80       		.byte	-128
 547 0206 E2       		.byte	-30
 548 0207 40       		.byte	64
 549 0208 E6       		.byte	-26
 550 0209 C0       		.byte	-64
 551 020a EA       		.byte	-22
 552 020b 40       		.byte	64
 553 020c EE       		.byte	-18
 554 020d 60       		.byte	96
 555 020e 89       		.byte	-119
 556 020f 20       		.byte	32
 557 0210 9D       		.byte	-99
 558 0211 20       		.byte	32
 559 0212 AB       		.byte	-85
 560 0213 08       		.byte	8
 561 0214 B6       		.byte	-74
 562 0215 04       		.byte	4
 563 0216 EE       		.byte	-18
 564 0217 80       		.byte	-128
 565 0218 02       		.byte	2
 566 0219 02       		.byte	2
 567 021a 86       		.byte	-122
 568 021b 02       		.byte	2
 569 021c AD       		.byte	-83
 570 021d 08       		.byte	8
ARM GAS  C:\Users\PIERRE~1\AppData\Local\Temp\ccKffbeU.s 			page 11


 571 021e AF       		.byte	-81
 572 021f 40       		.byte	64
 573 0220 C0       		.byte	-64
 574 0221 02       		.byte	2
 575 0222 00       		.byte	0
 576 0223 01       		.byte	1
 577 0224 0A       		.byte	10
 578 0225 01       		.byte	1
 579 0226 10       		.byte	16
 580 0227 01       		.byte	1
 581 0228 1A       		.byte	26
 582 0229 01       		.byte	1
 583 022a 00       		.byte	0
 584 022b AF       		.byte	-81
 585 022c 60       		.byte	96
 586 022d 1A       		.byte	26
 587 022e 00       		.byte	0
 588 022f 00       		.byte	0
 589 0230 56       		.byte	86
 590 0231 18       		.byte	24
 591 0232 09       		.byte	9
 592 0233 00       		.byte	0
 593 0234 01       		.byte	1
 594 0235 02       		.byte	2
 595 0236 00       		.byte	0
 596 0237 18       		.byte	24
 597 0238 84       		.byte	-124
 598 0239 82       		.byte	-126
 599 023a 00       		.byte	0
 600 023b 00       		.byte	0
 601 023c 0A       		.byte	10
 602 023d 18       		.byte	24
 603 023e 10       		.byte	16
 604 023f 02       		.byte	2
 605 0240 07       		.byte	7
 606 0241 9C       		.byte	-100
 607 0242 38       		.byte	56
 608 0243 03       		.byte	3
 609 0244 04       		.byte	4
 610 0245 33       		.byte	51
 611 0246 00       		.byte	0
 612 0247 44       		.byte	68
 613 0248 84       		.byte	-124
 614 0249 C1       		.byte	-63
 615 024a 00       		.byte	0
 616 024b 38       		.byte	56
 617 024c 04       		.byte	4
 618 024d 1A       		.byte	26
 619 024e 80       		.byte	-128
 620 024f 00       		.byte	0
 621 0250 80       		.byte	-128
 622 0251 18       		.byte	24
 623 0252 04       		.byte	4
 624 0253 02       		.byte	2
 625 0254 84       		.byte	-124
 626 0255 00       		.byte	0
 627 0256 00       		.byte	0
ARM GAS  C:\Users\PIERRE~1\AppData\Local\Temp\ccKffbeU.s 			page 12


 628 0257 00       		.byte	0
 629 0258 00       		.byte	0
 630 0259 00       		.byte	0
 631 025a 00       		.byte	0
 632 025b 00       		.byte	0
 633 025c 08       		.byte	8
 634 025d 0F       		.byte	15
 635 025e 00       		.byte	0
 636 025f E0       		.byte	-32
 637 0260 7F       		.byte	127
 638 0261 13       		.byte	19
 639 0262 80       		.byte	-128
 640 0263 00       		.byte	0
 641 0264 20       		.byte	32
 642 0265 00       		.byte	0
 643 0266 00       		.byte	0
 644 0267 0A       		.byte	10
 645 0268 00       		.byte	0
 646 0269 00       		.byte	0
 647 026a 41       		.byte	65
 648 026b 00       		.byte	0
 649 026c 46       		.byte	70
 650 026d 02       		.byte	2
 651 026e 10       		.byte	16
 652 026f 00       		.byte	0
 653 0270 05       		.byte	5
 654 0271 BD       		.byte	-67
 655 0272 FC       		.byte	-4
 656 0273 E0       		.byte	-32
 657 0274 2F       		.byte	47
 658 0275 FF       		.byte	-1
 659 0276 FF       		.byte	-1
 660 0277 FF       		.byte	-1
 661 0278 22       		.byte	34
 662 0279 00       		.byte	0
 663 027a F0       		.byte	-16
 664 027b 08       		.byte	8
 665 027c 04       		.byte	4
 666 027d 00       		.byte	0
 667 027e 00       		.byte	0
 668 027f 00       		.byte	0
 669 0280 00       		.byte	0
 670 0281 00       		.byte	0
 671 0282 02       		.byte	2
 672 0283 2C       		.byte	44
 673 0284 04       		.byte	4
 674 0285 04       		.byte	4
 675 0286 04       		.byte	4
 676 0287 04       		.byte	4
 677 0288 00       		.byte	0
 678 0289 00       		.byte	0
 679 028a 00       		.byte	0
 680 028b 01       		.byte	1
 681 028c 00       		.byte	0
 682 028d 00       		.byte	0
 683 028e C0       		.byte	-64
 684 028f 00       		.byte	0
ARM GAS  C:\Users\PIERRE~1\AppData\Local\Temp\ccKffbeU.s 			page 13


 685 0290 40       		.byte	64
 686 0291 01       		.byte	1
 687 0292 10       		.byte	16
 688 0293 11       		.byte	17
 689 0294 C0       		.byte	-64
 690 0295 01       		.byte	1
 691 0296 00       		.byte	0
 692 0297 11       		.byte	17
 693 0298 40       		.byte	64
 694 0299 01       		.byte	1
 695 029a 40       		.byte	64
 696 029b 01       		.byte	1
 697 029c 00       		.byte	0
 698 029d 00       		.byte	0
 699 029e 00       		.byte	0
 700 029f 00       		.byte	0
 701 02a0 00       		.byte	0
 702 02a1 00       		.byte	0
 703 02a2 00       		.byte	0
 704 02a3 00       		.byte	0
 705 02a4 00       		.byte	0
 706 02a5 00       		.byte	0
 707 02a6 00       		.byte	0
 708 02a7 00       		.byte	0
 709 02a8 00       		.byte	0
 710 02a9 00       		.byte	0
 711 02aa 00       		.byte	0
 712 02ab 00       		.byte	0
 713 02ac 40       		.byte	64
 714 02ad 00       		.byte	0
 715 02ae 04       		.byte	4
 716 02af 0B       		.byte	11
 717 02b0 0B       		.byte	11
 718 02b1 00       		.byte	0
 719 02b2 0B       		.byte	11
 720 02b3 00       		.byte	0
 721 02b4 C0       		.byte	-64
 722 02b5 00       		.byte	0
 723 02b6 00       		.byte	0
 724 02b7 00       		.byte	0
 725 02b8 F0       		.byte	-16
 726 02b9 00       		.byte	0
 727 02ba 00       		.byte	0
 728 02bb FF       		.byte	-1
 729 02bc FF       		.byte	-1
 730 02bd 00       		.byte	0
 731 02be 00       		.byte	0
 732 02bf 00       		.byte	0
 733 02c0 00       		.byte	0
 734 02c1 00       		.byte	0
 735 02c2 00       		.byte	0
 736 02c3 00       		.byte	0
 737 02c4 10       		.byte	16
 738 02c5 10       		.byte	16
 739 02c6 10       		.byte	16
 740 02c7 00       		.byte	0
 741 02c8 00       		.byte	0
ARM GAS  C:\Users\PIERRE~1\AppData\Local\Temp\ccKffbeU.s 			page 14


 742 02c9 00       		.byte	0
 743 02ca 00       		.byte	0
 744 02cb 00       		.byte	0
 745              		.section	.cywolatch,"a",%progbits
 746              		.align	2
 747              		.type	cy_meta_wonvl, %object
 748              		.size	cy_meta_wonvl, 4
 749              	cy_meta_wonvl:
 750 0000 BC       		.byte	-68
 751 0001 90       		.byte	-112
 752 0002 AC       		.byte	-84
 753 0003 AF       		.byte	-81
 754              		.section	.cycustnvl,"a",%progbits
 755              		.align	2
 756              		.type	cy_meta_custnvl, %object
 757              		.size	cy_meta_custnvl, 4
 758              	cy_meta_custnvl:
 759 0000 00       		.byte	0
 760 0001 00       		.byte	0
 761 0002 40       		.byte	64
 762 0003 05       		.byte	5
 763              		.section	.cymeta,"a",%progbits
 764              		.align	2
 765              		.type	cy_metadata, %object
 766              		.size	cy_metadata, 12
 767              	cy_metadata:
 768 0000 00       		.byte	0
 769 0001 01       		.byte	1
 770 0002 2E       		.byte	46
 771 0003 16       		.byte	22
 772 0004 10       		.byte	16
 773 0005 69       		.byte	105
 774 0006 00       		.byte	0
 775 0007 01       		.byte	1
 776 0008 00       		.byte	0
 777 0009 00       		.byte	0
 778 000a 00       		.byte	0
 779 000b 00       		.byte	0
 780              		.section	.cyflashprotect,"a",%progbits
 781              		.align	2
 782              		.type	cy_meta_flashprotect, %object
 783              		.size	cy_meta_flashprotect, 256
 784              	cy_meta_flashprotect:
 785 0000 00000000 		.space	256
 785      00000000 
 785      00000000 
 785      00000000 
 785      00000000 
 786              		.text
 787              	.Letext0:
 788              		.file 1 "c:\\program files (x86)\\cypress\\psoc creator\\4.3\\psoc creator\\import\\gnu\\arm\\5.4.
 789              		.file 2 "c:\\program files (x86)\\cypress\\psoc creator\\4.3\\psoc creator\\import\\gnu\\arm\\5.4.
 790              		.file 3 "Generated_Source\\PSoC5\\cymetadata.c"
 791              		.section	.debug_info,"",%progbits
 792              	.Ldebug_info0:
 793 0000 31010000 		.4byte	0x131
 794 0004 0400     		.2byte	0x4
ARM GAS  C:\Users\PIERRE~1\AppData\Local\Temp\ccKffbeU.s 			page 15


 795 0006 00000000 		.4byte	.Ldebug_abbrev0
 796 000a 04       		.byte	0x4
 797 000b 01       		.uleb128 0x1
 798 000c 24000000 		.4byte	.LASF17
 799 0010 0C       		.byte	0xc
 800 0011 D5010000 		.4byte	.LASF18
 801 0015 5F010000 		.4byte	.LASF19
 802 0019 00000000 		.4byte	.Ldebug_line0
 803 001d 02       		.uleb128 0x2
 804 001e 01       		.byte	0x1
 805 001f 06       		.byte	0x6
 806 0020 C9010000 		.4byte	.LASF0
 807 0024 03       		.uleb128 0x3
 808 0025 00000000 		.4byte	.LASF9
 809 0029 01       		.byte	0x1
 810 002a 1D       		.byte	0x1d
 811 002b 2F000000 		.4byte	0x2f
 812 002f 02       		.uleb128 0x2
 813 0030 01       		.byte	0x1
 814 0031 08       		.byte	0x8
 815 0032 16000000 		.4byte	.LASF1
 816 0036 02       		.uleb128 0x2
 817 0037 02       		.byte	0x2
 818 0038 05       		.byte	0x5
 819 0039 B6010000 		.4byte	.LASF2
 820 003d 02       		.uleb128 0x2
 821 003e 02       		.byte	0x2
 822 003f 07       		.byte	0x7
 823 0040 C4000000 		.4byte	.LASF3
 824 0044 02       		.uleb128 0x2
 825 0045 04       		.byte	0x4
 826 0046 05       		.byte	0x5
 827 0047 C0010000 		.4byte	.LASF4
 828 004b 02       		.uleb128 0x2
 829 004c 04       		.byte	0x4
 830 004d 07       		.byte	0x7
 831 004e B2000000 		.4byte	.LASF5
 832 0052 02       		.uleb128 0x2
 833 0053 08       		.byte	0x8
 834 0054 05       		.byte	0x5
 835 0055 51010000 		.4byte	.LASF6
 836 0059 02       		.uleb128 0x2
 837 005a 08       		.byte	0x8
 838 005b 07       		.byte	0x7
 839 005c 06010000 		.4byte	.LASF7
 840 0060 04       		.uleb128 0x4
 841 0061 04       		.byte	0x4
 842 0062 05       		.byte	0x5
 843 0063 696E7400 		.ascii	"int\000"
 844 0067 02       		.uleb128 0x2
 845 0068 04       		.byte	0x4
 846 0069 07       		.byte	0x7
 847 006a F9000000 		.4byte	.LASF8
 848 006e 03       		.uleb128 0x3
 849 006f 1D010000 		.4byte	.LASF10
 850 0073 02       		.byte	0x2
 851 0074 18       		.byte	0x18
ARM GAS  C:\Users\PIERRE~1\AppData\Local\Temp\ccKffbeU.s 			page 16


 852 0075 24000000 		.4byte	0x24
 853 0079 05       		.uleb128 0x5
 854 007a 91000000 		.4byte	0x91
 855 007e 8A000000 		.4byte	0x8a
 856 0082 06       		.uleb128 0x6
 857 0083 8A000000 		.4byte	0x8a
 858 0087 CB02     		.2byte	0x2cb
 859 0089 00       		.byte	0
 860 008a 02       		.uleb128 0x2
 861 008b 04       		.byte	0x4
 862 008c 07       		.byte	0x7
 863 008d 48010000 		.4byte	.LASF11
 864 0091 07       		.uleb128 0x7
 865 0092 6E000000 		.4byte	0x6e
 866 0096 08       		.uleb128 0x8
 867 0097 E7000000 		.4byte	.LASF12
 868 009b 03       		.byte	0x3
 869 009c 1F       		.byte	0x1f
 870 009d A7000000 		.4byte	0xa7
 871 00a1 05       		.uleb128 0x5
 872 00a2 03       		.byte	0x3
 873 00a3 00000000 		.4byte	cy_meta_configecc
 874 00a7 07       		.uleb128 0x7
 875 00a8 79000000 		.4byte	0x79
 876 00ac 05       		.uleb128 0x5
 877 00ad 91000000 		.4byte	0x91
 878 00b1 BC000000 		.4byte	0xbc
 879 00b5 09       		.uleb128 0x9
 880 00b6 8A000000 		.4byte	0x8a
 881 00ba 03       		.byte	0x3
 882 00bb 00       		.byte	0
 883 00bc 08       		.uleb128 0x8
 884 00bd D7000000 		.4byte	.LASF13
 885 00c1 03       		.byte	0x3
 886 00c2 86       		.byte	0x86
 887 00c3 CD000000 		.4byte	0xcd
 888 00c7 05       		.uleb128 0x5
 889 00c8 03       		.byte	0x3
 890 00c9 00000000 		.4byte	cy_meta_custnvl
 891 00cd 07       		.uleb128 0x7
 892 00ce AC000000 		.4byte	0xac
 893 00d2 08       		.uleb128 0x8
 894 00d3 3A010000 		.4byte	.LASF14
 895 00d7 03       		.byte	0x3
 896 00d8 94       		.byte	0x94
 897 00d9 E3000000 		.4byte	0xe3
 898 00dd 05       		.uleb128 0x5
 899 00de 03       		.byte	0x3
 900 00df 00000000 		.4byte	cy_meta_wonvl
 901 00e3 07       		.uleb128 0x7
 902 00e4 AC000000 		.4byte	0xac
 903 00e8 05       		.uleb128 0x5
 904 00e9 91000000 		.4byte	0x91
 905 00ed F8000000 		.4byte	0xf8
 906 00f1 09       		.uleb128 0x9
 907 00f2 8A000000 		.4byte	0x8a
 908 00f6 FF       		.byte	0xff
ARM GAS  C:\Users\PIERRE~1\AppData\Local\Temp\ccKffbeU.s 			page 17


 909 00f7 00       		.byte	0
 910 00f8 08       		.uleb128 0x8
 911 00f9 25010000 		.4byte	.LASF15
 912 00fd 03       		.byte	0x3
 913 00fe A2       		.byte	0xa2
 914 00ff 09010000 		.4byte	0x109
 915 0103 05       		.uleb128 0x5
 916 0104 03       		.byte	0x3
 917 0105 00000000 		.4byte	cy_meta_flashprotect
 918 0109 07       		.uleb128 0x7
 919 010a E8000000 		.4byte	0xe8
 920 010e 05       		.uleb128 0x5
 921 010f 91000000 		.4byte	0x91
 922 0113 1E010000 		.4byte	0x11e
 923 0117 09       		.uleb128 0x9
 924 0118 8A000000 		.4byte	0x8a
 925 011c 0B       		.byte	0xb
 926 011d 00       		.byte	0
 927 011e 08       		.uleb128 0x8
 928 011f 0A000000 		.4byte	.LASF16
 929 0123 03       		.byte	0x3
 930 0124 CF       		.byte	0xcf
 931 0125 2F010000 		.4byte	0x12f
 932 0129 05       		.uleb128 0x5
 933 012a 03       		.byte	0x3
 934 012b 00000000 		.4byte	cy_metadata
 935 012f 07       		.uleb128 0x7
 936 0130 0E010000 		.4byte	0x10e
 937 0134 00       		.byte	0
 938              		.section	.debug_abbrev,"",%progbits
 939              	.Ldebug_abbrev0:
 940 0000 01       		.uleb128 0x1
 941 0001 11       		.uleb128 0x11
 942 0002 01       		.byte	0x1
 943 0003 25       		.uleb128 0x25
 944 0004 0E       		.uleb128 0xe
 945 0005 13       		.uleb128 0x13
 946 0006 0B       		.uleb128 0xb
 947 0007 03       		.uleb128 0x3
 948 0008 0E       		.uleb128 0xe
 949 0009 1B       		.uleb128 0x1b
 950 000a 0E       		.uleb128 0xe
 951 000b 10       		.uleb128 0x10
 952 000c 17       		.uleb128 0x17
 953 000d 00       		.byte	0
 954 000e 00       		.byte	0
 955 000f 02       		.uleb128 0x2
 956 0010 24       		.uleb128 0x24
 957 0011 00       		.byte	0
 958 0012 0B       		.uleb128 0xb
 959 0013 0B       		.uleb128 0xb
 960 0014 3E       		.uleb128 0x3e
 961 0015 0B       		.uleb128 0xb
 962 0016 03       		.uleb128 0x3
 963 0017 0E       		.uleb128 0xe
 964 0018 00       		.byte	0
 965 0019 00       		.byte	0
ARM GAS  C:\Users\PIERRE~1\AppData\Local\Temp\ccKffbeU.s 			page 18


 966 001a 03       		.uleb128 0x3
 967 001b 16       		.uleb128 0x16
 968 001c 00       		.byte	0
 969 001d 03       		.uleb128 0x3
 970 001e 0E       		.uleb128 0xe
 971 001f 3A       		.uleb128 0x3a
 972 0020 0B       		.uleb128 0xb
 973 0021 3B       		.uleb128 0x3b
 974 0022 0B       		.uleb128 0xb
 975 0023 49       		.uleb128 0x49
 976 0024 13       		.uleb128 0x13
 977 0025 00       		.byte	0
 978 0026 00       		.byte	0
 979 0027 04       		.uleb128 0x4
 980 0028 24       		.uleb128 0x24
 981 0029 00       		.byte	0
 982 002a 0B       		.uleb128 0xb
 983 002b 0B       		.uleb128 0xb
 984 002c 3E       		.uleb128 0x3e
 985 002d 0B       		.uleb128 0xb
 986 002e 03       		.uleb128 0x3
 987 002f 08       		.uleb128 0x8
 988 0030 00       		.byte	0
 989 0031 00       		.byte	0
 990 0032 05       		.uleb128 0x5
 991 0033 01       		.uleb128 0x1
 992 0034 01       		.byte	0x1
 993 0035 49       		.uleb128 0x49
 994 0036 13       		.uleb128 0x13
 995 0037 01       		.uleb128 0x1
 996 0038 13       		.uleb128 0x13
 997 0039 00       		.byte	0
 998 003a 00       		.byte	0
 999 003b 06       		.uleb128 0x6
 1000 003c 21       		.uleb128 0x21
 1001 003d 00       		.byte	0
 1002 003e 49       		.uleb128 0x49
 1003 003f 13       		.uleb128 0x13
 1004 0040 2F       		.uleb128 0x2f
 1005 0041 05       		.uleb128 0x5
 1006 0042 00       		.byte	0
 1007 0043 00       		.byte	0
 1008 0044 07       		.uleb128 0x7
 1009 0045 26       		.uleb128 0x26
 1010 0046 00       		.byte	0
 1011 0047 49       		.uleb128 0x49
 1012 0048 13       		.uleb128 0x13
 1013 0049 00       		.byte	0
 1014 004a 00       		.byte	0
 1015 004b 08       		.uleb128 0x8
 1016 004c 34       		.uleb128 0x34
 1017 004d 00       		.byte	0
 1018 004e 03       		.uleb128 0x3
 1019 004f 0E       		.uleb128 0xe
 1020 0050 3A       		.uleb128 0x3a
 1021 0051 0B       		.uleb128 0xb
 1022 0052 3B       		.uleb128 0x3b
ARM GAS  C:\Users\PIERRE~1\AppData\Local\Temp\ccKffbeU.s 			page 19


 1023 0053 0B       		.uleb128 0xb
 1024 0054 49       		.uleb128 0x49
 1025 0055 13       		.uleb128 0x13
 1026 0056 3F       		.uleb128 0x3f
 1027 0057 19       		.uleb128 0x19
 1028 0058 02       		.uleb128 0x2
 1029 0059 18       		.uleb128 0x18
 1030 005a 00       		.byte	0
 1031 005b 00       		.byte	0
 1032 005c 09       		.uleb128 0x9
 1033 005d 21       		.uleb128 0x21
 1034 005e 00       		.byte	0
 1035 005f 49       		.uleb128 0x49
 1036 0060 13       		.uleb128 0x13
 1037 0061 2F       		.uleb128 0x2f
 1038 0062 0B       		.uleb128 0xb
 1039 0063 00       		.byte	0
 1040 0064 00       		.byte	0
 1041 0065 00       		.byte	0
 1042              		.section	.debug_aranges,"",%progbits
 1043 0000 14000000 		.4byte	0x14
 1044 0004 0200     		.2byte	0x2
 1045 0006 00000000 		.4byte	.Ldebug_info0
 1046 000a 04       		.byte	0x4
 1047 000b 00       		.byte	0
 1048 000c 0000     		.2byte	0
 1049 000e 0000     		.2byte	0
 1050 0010 00000000 		.4byte	0
 1051 0014 00000000 		.4byte	0
 1052              		.section	.debug_line,"",%progbits
 1053              	.Ldebug_line0:
 1054 0000 3D010000 		.section	.debug_str,"MS",%progbits,1
 1054      02003701 
 1054      00000201 
 1054      FB0E0D00 
 1054      01010101 
 1055              	.LASF9:
 1056 0000 5F5F7569 		.ascii	"__uint8_t\000"
 1056      6E74385F 
 1056      7400
 1057              	.LASF16:
 1058 000a 63795F6D 		.ascii	"cy_metadata\000"
 1058      65746164 
 1058      61746100 
 1059              	.LASF1:
 1060 0016 756E7369 		.ascii	"unsigned char\000"
 1060      676E6564 
 1060      20636861 
 1060      7200
 1061              	.LASF17:
 1062 0024 474E5520 		.ascii	"GNU C11 5.4.1 20160609 (release) [ARM/embedded-5-br"
 1062      43313120 
 1062      352E342E 
 1062      31203230 
 1062      31363036 
 1063 0057 616E6368 		.ascii	"anch revision 237715] -mcpu=cortex-m3 -mthumb -g -O"
 1063      20726576 
ARM GAS  C:\Users\PIERRE~1\AppData\Local\Temp\ccKffbeU.s 			page 20


 1063      6973696F 
 1063      6E203233 
 1063      37373135 
 1064 008a 67202D66 		.ascii	"g -ffunction-sections -ffat-lto-objects\000"
 1064      66756E63 
 1064      74696F6E 
 1064      2D736563 
 1064      74696F6E 
 1065              	.LASF5:
 1066 00b2 6C6F6E67 		.ascii	"long unsigned int\000"
 1066      20756E73 
 1066      69676E65 
 1066      6420696E 
 1066      7400
 1067              	.LASF3:
 1068 00c4 73686F72 		.ascii	"short unsigned int\000"
 1068      7420756E 
 1068      7369676E 
 1068      65642069 
 1068      6E7400
 1069              	.LASF13:
 1070 00d7 63795F6D 		.ascii	"cy_meta_custnvl\000"
 1070      6574615F 
 1070      63757374 
 1070      6E766C00 
 1071              	.LASF12:
 1072 00e7 63795F6D 		.ascii	"cy_meta_configecc\000"
 1072      6574615F 
 1072      636F6E66 
 1072      69676563 
 1072      6300
 1073              	.LASF8:
 1074 00f9 756E7369 		.ascii	"unsigned int\000"
 1074      676E6564 
 1074      20696E74 
 1074      00
 1075              	.LASF7:
 1076 0106 6C6F6E67 		.ascii	"long long unsigned int\000"
 1076      206C6F6E 
 1076      6720756E 
 1076      7369676E 
 1076      65642069 
 1077              	.LASF10:
 1078 011d 75696E74 		.ascii	"uint8_t\000"
 1078      385F7400 
 1079              	.LASF15:
 1080 0125 63795F6D 		.ascii	"cy_meta_flashprotect\000"
 1080      6574615F 
 1080      666C6173 
 1080      6870726F 
 1080      74656374 
 1081              	.LASF14:
 1082 013a 63795F6D 		.ascii	"cy_meta_wonvl\000"
 1082      6574615F 
 1082      776F6E76 
 1082      6C00
 1083              	.LASF11:
ARM GAS  C:\Users\PIERRE~1\AppData\Local\Temp\ccKffbeU.s 			page 21


 1084 0148 73697A65 		.ascii	"sizetype\000"
 1084      74797065 
 1084      00
 1085              	.LASF6:
 1086 0151 6C6F6E67 		.ascii	"long long int\000"
 1086      206C6F6E 
 1086      6720696E 
 1086      7400
 1087              	.LASF19:
 1088 015f 433A5C55 		.ascii	"C:\\Users\\Pierre Vander Eyken\\Desktop\\memoire\\N"
 1088      73657273 
 1088      5C506965 
 1088      72726520 
 1088      56616E64 
 1089 018d 6577436F 		.ascii	"ewCode\\TAG\\PSoC\\write_fonction_spi.cydsn\000"
 1089      64655C54 
 1089      41475C50 
 1089      536F435C 
 1089      77726974 
 1090              	.LASF2:
 1091 01b6 73686F72 		.ascii	"short int\000"
 1091      7420696E 
 1091      7400
 1092              	.LASF4:
 1093 01c0 6C6F6E67 		.ascii	"long int\000"
 1093      20696E74 
 1093      00
 1094              	.LASF0:
 1095 01c9 7369676E 		.ascii	"signed char\000"
 1095      65642063 
 1095      68617200 
 1096              	.LASF18:
 1097 01d5 47656E65 		.ascii	"Generated_Source\\PSoC5\\cymetadata.c\000"
 1097      72617465 
 1097      645F536F 
 1097      75726365 
 1097      5C50536F 
 1098              		.ident	"GCC: (GNU Tools for ARM Embedded Processors) 5.4.1 20160609 (release) [ARM/embedded-5-bran
