ARM GAS  C:\Users\PIERRE~1\AppData\Local\Temp\ccOvudjA.s 			page 1


   1              		.syntax unified
   2              		.cpu cortex-m3
   3              		.fpu softvfp
   4              		.eabi_attribute 20, 1
   5              		.eabi_attribute 21, 1
   6              		.eabi_attribute 23, 3
   7              		.eabi_attribute 24, 1
   8              		.eabi_attribute 25, 1
   9              		.eabi_attribute 26, 1
  10              		.eabi_attribute 30, 1
  11              		.eabi_attribute 34, 1
  12              		.eabi_attribute 18, 4
  13              		.thumb
  14              		.syntax unified
  15              		.file	"USBP_descr.c"
  16              		.text
  17              	.Ltext0:
  18              		.cfi_sections	.debug_frame
  19              		.global	USBP_TABLE
  20              		.global	USBP_DEVICE0_TABLE
  21              		.global	USBP_DEVICE0_CONFIGURATION0_TABLE
  22              		.global	USBP_DEVICE0_CONFIGURATION0_INTERFACE_CLASS
  23              		.global	USBP_DEVICE0_CONFIGURATION0_EP_SETTINGS_TABLE
  24              		.global	USBP_STRING_DESCRIPTORS
  25              		.global	USBP_DEVICE0_CONFIGURATION0_DESCR
  26              		.global	USBP_DEVICE0_DESCR
  27              		.section	.rodata
  28              		.align	2
  29              		.type	USBP_TABLE, %object
  30              		.size	USBP_TABLE, 8
  31              	USBP_TABLE:
  32 0000 01       		.byte	1
  33 0001 000000   		.space	3
  34 0004 00000000 		.word	USBP_DEVICE0_TABLE
  35              		.type	USBP_DEVICE0_TABLE, %object
  36              		.size	USBP_DEVICE0_TABLE, 24
  37              	USBP_DEVICE0_TABLE:
  38 0008 01       		.byte	1
  39 0009 000000   		.space	3
  40 000c 00000000 		.word	USBP_DEVICE0_DESCR
  41 0010 00       		.byte	0
  42 0011 000000   		.space	3
  43 0014 00000000 		.word	0
  44 0018 01       		.byte	1
  45 0019 000000   		.space	3
  46 001c 00000000 		.word	USBP_DEVICE0_CONFIGURATION0_TABLE
  47              		.type	USBP_DEVICE0_CONFIGURATION0_TABLE, %object
  48              		.size	USBP_DEVICE0_CONFIGURATION0_TABLE, 32
  49              	USBP_DEVICE0_CONFIGURATION0_TABLE:
  50 0020 01       		.byte	1
  51 0021 000000   		.space	3
  52 0024 00000000 		.word	USBP_DEVICE0_CONFIGURATION0_DESCR
  53 0028 02       		.byte	2
  54 0029 000000   		.space	3
  55 002c 00000000 		.word	USBP_DEVICE0_CONFIGURATION0_EP_SETTINGS_TABLE
  56 0030 00       		.byte	0
  57 0031 000000   		.space	3
ARM GAS  C:\Users\PIERRE~1\AppData\Local\Temp\ccOvudjA.s 			page 2


  58 0034 00000000 		.word	0
  59 0038 00       		.byte	0
  60 0039 000000   		.space	3
  61 003c 00000000 		.word	USBP_DEVICE0_CONFIGURATION0_INTERFACE_CLASS
  62              		.type	USBP_DEVICE0_CONFIGURATION0_INTERFACE_CLASS, %object
  63              		.size	USBP_DEVICE0_CONFIGURATION0_INTERFACE_CLASS, 1
  64              	USBP_DEVICE0_CONFIGURATION0_INTERFACE_CLASS:
  65 0040 00       		.space	1
  66 0041 000000   		.space	3
  67              		.type	USBP_DEVICE0_CONFIGURATION0_EP_SETTINGS_TABLE, %object
  68              		.size	USBP_DEVICE0_CONFIGURATION0_EP_SETTINGS_TABLE, 16
  69              	USBP_DEVICE0_CONFIGURATION0_EP_SETTINGS_TABLE:
  70 0044 00       		.byte	0
  71 0045 00       		.byte	0
  72 0046 81       		.byte	-127
  73 0047 02       		.byte	2
  74 0048 4000     		.short	64
  75 004a 00       		.byte	0
  76 004b 00       		.space	1
  77 004c 00       		.byte	0
  78 004d 00       		.byte	0
  79 004e 02       		.byte	2
  80 004f 02       		.byte	2
  81 0050 0800     		.short	8
  82 0052 00       		.byte	0
  83 0053 00       		.space	1
  84              		.type	USBP_STRING_DESCRIPTORS, %object
  85              		.size	USBP_STRING_DESCRIPTORS, 59
  86              	USBP_STRING_DESCRIPTORS:
  87 0054 04       		.byte	4
  88 0055 03       		.byte	3
  89 0056 09       		.byte	9
  90 0057 04       		.byte	4
  91 0058 2C       		.byte	44
  92 0059 03       		.byte	3
  93 005a 43       		.byte	67
  94 005b 00       		.byte	0
  95 005c 79       		.byte	121
  96 005d 00       		.byte	0
  97 005e 70       		.byte	112
  98 005f 00       		.byte	0
  99 0060 72       		.byte	114
 100 0061 00       		.byte	0
 101 0062 65       		.byte	101
 102 0063 00       		.byte	0
 103 0064 73       		.byte	115
 104 0065 00       		.byte	0
 105 0066 73       		.byte	115
 106 0067 00       		.byte	0
 107 0068 20       		.byte	32
 108 0069 00       		.byte	0
 109 006a 53       		.byte	83
 110 006b 00       		.byte	0
 111 006c 65       		.byte	101
 112 006d 00       		.byte	0
 113 006e 6D       		.byte	109
 114 006f 00       		.byte	0
ARM GAS  C:\Users\PIERRE~1\AppData\Local\Temp\ccOvudjA.s 			page 3


 115 0070 69       		.byte	105
 116 0071 00       		.byte	0
 117 0072 63       		.byte	99
 118 0073 00       		.byte	0
 119 0074 6F       		.byte	111
 120 0075 00       		.byte	0
 121 0076 6E       		.byte	110
 122 0077 00       		.byte	0
 123 0078 64       		.byte	100
 124 0079 00       		.byte	0
 125 007a 75       		.byte	117
 126 007b 00       		.byte	0
 127 007c 63       		.byte	99
 128 007d 00       		.byte	0
 129 007e 74       		.byte	116
 130 007f 00       		.byte	0
 131 0080 6F       		.byte	111
 132 0081 00       		.byte	0
 133 0082 72       		.byte	114
 134 0083 00       		.byte	0
 135 0084 0A       		.byte	10
 136 0085 03       		.byte	3
 137 0086 55       		.byte	85
 138 0087 00       		.byte	0
 139 0088 53       		.byte	83
 140 0089 00       		.byte	0
 141 008a 42       		.byte	66
 142 008b 00       		.byte	0
 143 008c 50       		.byte	80
 144 008d 00       		.byte	0
 145 008e 00       		.byte	0
 146 008f 00       		.space	1
 147              		.type	USBP_DEVICE0_CONFIGURATION0_DESCR, %object
 148              		.size	USBP_DEVICE0_CONFIGURATION0_DESCR, 32
 149              	USBP_DEVICE0_CONFIGURATION0_DESCR:
 150 0090 09       		.byte	9
 151 0091 02       		.byte	2
 152 0092 20       		.byte	32
 153 0093 00       		.byte	0
 154 0094 01       		.byte	1
 155 0095 01       		.byte	1
 156 0096 00       		.byte	0
 157 0097 80       		.byte	-128
 158 0098 FA       		.byte	-6
 159 0099 09       		.byte	9
 160 009a 04       		.byte	4
 161 009b 00       		.byte	0
 162 009c 00       		.byte	0
 163 009d 02       		.byte	2
 164 009e 00       		.byte	0
 165 009f 00       		.byte	0
 166 00a0 00       		.byte	0
 167 00a1 00       		.byte	0
 168 00a2 07       		.byte	7
 169 00a3 05       		.byte	5
 170 00a4 81       		.byte	-127
 171 00a5 02       		.byte	2
ARM GAS  C:\Users\PIERRE~1\AppData\Local\Temp\ccOvudjA.s 			page 4


 172 00a6 40       		.byte	64
 173 00a7 00       		.byte	0
 174 00a8 00       		.byte	0
 175 00a9 07       		.byte	7
 176 00aa 05       		.byte	5
 177 00ab 02       		.byte	2
 178 00ac 02       		.byte	2
 179 00ad 08       		.byte	8
 180 00ae 00       		.byte	0
 181 00af 00       		.byte	0
 182              		.type	USBP_DEVICE0_DESCR, %object
 183              		.size	USBP_DEVICE0_DESCR, 18
 184              	USBP_DEVICE0_DESCR:
 185 00b0 12       		.byte	18
 186 00b1 01       		.byte	1
 187 00b2 00       		.byte	0
 188 00b3 02       		.byte	2
 189 00b4 00       		.byte	0
 190 00b5 00       		.byte	0
 191 00b6 00       		.byte	0
 192 00b7 08       		.byte	8
 193 00b8 B4       		.byte	-76
 194 00b9 04       		.byte	4
 195 00ba 11       		.byte	17
 196 00bb E0       		.byte	-32
 197 00bc 00       		.byte	0
 198 00bd 00       		.byte	0
 199 00be 01       		.byte	1
 200 00bf 02       		.byte	2
 201 00c0 00       		.byte	0
 202 00c1 01       		.byte	1
 203              		.text
 204              	.Letext0:
 205              		.file 1 "Generated_Source\\PSoC5\\cytypes.h"
 206              		.file 2 "Generated_Source\\PSoC5\\USBP.h"
 207              		.file 3 "Generated_Source\\PSoC5\\USBP_descr.c"
 208              		.section	.debug_info,"",%progbits
 209              	.Ldebug_info0:
 210 0000 67020000 		.4byte	0x267
 211 0004 0400     		.2byte	0x4
 212 0006 00000000 		.4byte	.Ldebug_abbrev0
 213 000a 04       		.byte	0x4
 214 000b 01       		.uleb128 0x1
 215 000c C4000000 		.4byte	.LASF33
 216 0010 0C       		.byte	0xc
 217 0011 BF010000 		.4byte	.LASF34
 218 0015 77020000 		.4byte	.LASF35
 219 0019 00000000 		.4byte	.Ldebug_line0
 220 001d 02       		.uleb128 0x2
 221 001e 01       		.byte	0x1
 222 001f 06       		.byte	0x6
 223 0020 6B020000 		.4byte	.LASF0
 224 0024 02       		.uleb128 0x2
 225 0025 01       		.byte	0x1
 226 0026 08       		.byte	0x8
 227 0027 B6000000 		.4byte	.LASF1
 228 002b 02       		.uleb128 0x2
ARM GAS  C:\Users\PIERRE~1\AppData\Local\Temp\ccOvudjA.s 			page 5


 229 002c 02       		.byte	0x2
 230 002d 05       		.byte	0x5
 231 002e 3C020000 		.4byte	.LASF2
 232 0032 02       		.uleb128 0x2
 233 0033 02       		.byte	0x2
 234 0034 07       		.byte	0x7
 235 0035 7A000000 		.4byte	.LASF3
 236 0039 02       		.uleb128 0x2
 237 003a 04       		.byte	0x4
 238 003b 05       		.byte	0x5
 239 003c 56020000 		.4byte	.LASF4
 240 0040 02       		.uleb128 0x2
 241 0041 04       		.byte	0x4
 242 0042 07       		.byte	0x7
 243 0043 73010000 		.4byte	.LASF5
 244 0047 02       		.uleb128 0x2
 245 0048 08       		.byte	0x8
 246 0049 05       		.byte	0x5
 247 004a 1E020000 		.4byte	.LASF6
 248 004e 02       		.uleb128 0x2
 249 004f 08       		.byte	0x8
 250 0050 07       		.byte	0x7
 251 0051 F7010000 		.4byte	.LASF7
 252 0055 03       		.uleb128 0x3
 253 0056 04       		.byte	0x4
 254 0057 05       		.byte	0x5
 255 0058 696E7400 		.ascii	"int\000"
 256 005c 02       		.uleb128 0x2
 257 005d 04       		.byte	0x4
 258 005e 07       		.byte	0x7
 259 005f EA010000 		.4byte	.LASF8
 260 0063 04       		.uleb128 0x4
 261 0064 46020000 		.4byte	.LASF9
 262 0068 01       		.byte	0x1
 263 0069 E401     		.2byte	0x1e4
 264 006b 24000000 		.4byte	0x24
 265 006f 04       		.uleb128 0x4
 266 0070 E3010000 		.4byte	.LASF10
 267 0074 01       		.byte	0x1
 268 0075 E501     		.2byte	0x1e5
 269 0077 32000000 		.4byte	0x32
 270 007b 02       		.uleb128 0x2
 271 007c 04       		.byte	0x4
 272 007d 04       		.byte	0x4
 273 007e A5000000 		.4byte	.LASF11
 274 0082 02       		.uleb128 0x2
 275 0083 08       		.byte	0x8
 276 0084 04       		.byte	0x4
 277 0085 B8010000 		.4byte	.LASF12
 278 0089 02       		.uleb128 0x2
 279 008a 01       		.byte	0x1
 280 008b 08       		.byte	0x8
 281 008c 2C020000 		.4byte	.LASF13
 282 0090 02       		.uleb128 0x2
 283 0091 08       		.byte	0x8
 284 0092 04       		.byte	0x4
 285 0093 5F020000 		.4byte	.LASF14
ARM GAS  C:\Users\PIERRE~1\AppData\Local\Temp\ccOvudjA.s 			page 6


 286 0097 02       		.uleb128 0x2
 287 0098 04       		.byte	0x4
 288 0099 07       		.byte	0x7
 289 009a 15020000 		.4byte	.LASF15
 290 009e 05       		.uleb128 0x5
 291 009f 08       		.byte	0x8
 292 00a0 02       		.byte	0x2
 293 00a1 98       		.byte	0x98
 294 00a2 EF000000 		.4byte	0xef
 295 00a6 06       		.uleb128 0x6
 296 00a7 4C020000 		.4byte	.LASF16
 297 00ab 02       		.byte	0x2
 298 00ac 9A       		.byte	0x9a
 299 00ad 63000000 		.4byte	0x63
 300 00b1 00       		.byte	0
 301 00b2 06       		.uleb128 0x6
 302 00b3 AB000000 		.4byte	.LASF17
 303 00b7 02       		.byte	0x2
 304 00b8 9B       		.byte	0x9b
 305 00b9 63000000 		.4byte	0x63
 306 00bd 01       		.byte	0x1
 307 00be 06       		.uleb128 0x6
 308 00bf 85010000 		.4byte	.LASF18
 309 00c3 02       		.byte	0x2
 310 00c4 9C       		.byte	0x9c
 311 00c5 63000000 		.4byte	0x63
 312 00c9 02       		.byte	0x2
 313 00ca 06       		.uleb128 0x6
 314 00cb 5D010000 		.4byte	.LASF19
 315 00cf 02       		.byte	0x2
 316 00d0 9D       		.byte	0x9d
 317 00d1 63000000 		.4byte	0x63
 318 00d5 03       		.byte	0x3
 319 00d6 06       		.uleb128 0x6
 320 00d7 31020000 		.4byte	.LASF20
 321 00db 02       		.byte	0x2
 322 00dc 9E       		.byte	0x9e
 323 00dd 6F000000 		.4byte	0x6f
 324 00e1 04       		.byte	0x4
 325 00e2 06       		.uleb128 0x6
 326 00e3 08030000 		.4byte	.LASF21
 327 00e7 02       		.byte	0x2
 328 00e8 9F       		.byte	0x9f
 329 00e9 63000000 		.4byte	0x63
 330 00ed 06       		.byte	0x6
 331 00ee 00       		.byte	0
 332 00ef 07       		.uleb128 0x7
 333 00f0 00000000 		.4byte	.LASF22
 334 00f4 02       		.byte	0x2
 335 00f5 A0       		.byte	0xa0
 336 00f6 9E000000 		.4byte	0x9e
 337 00fa 05       		.uleb128 0x5
 338 00fb 08       		.byte	0x8
 339 00fc 02       		.byte	0x2
 340 00fd AF       		.byte	0xaf
 341 00fe 19010000 		.4byte	0x119
 342 0102 08       		.uleb128 0x8
ARM GAS  C:\Users\PIERRE~1\AppData\Local\Temp\ccOvudjA.s 			page 7


 343 0103 6300     		.ascii	"c\000"
 344 0105 02       		.byte	0x2
 345 0106 B1       		.byte	0xb1
 346 0107 63000000 		.4byte	0x63
 347 010b 00       		.byte	0
 348 010c 06       		.uleb128 0x6
 349 010d 0E020000 		.4byte	.LASF23
 350 0111 02       		.byte	0x2
 351 0112 B2       		.byte	0xb2
 352 0113 19010000 		.4byte	0x119
 353 0117 04       		.byte	0x4
 354 0118 00       		.byte	0
 355 0119 09       		.uleb128 0x9
 356 011a 04       		.byte	0x4
 357 011b 1F010000 		.4byte	0x11f
 358 011f 0A       		.uleb128 0xa
 359 0120 07       		.uleb128 0x7
 360 0121 52010000 		.4byte	.LASF24
 361 0125 02       		.byte	0x2
 362 0126 B3       		.byte	0xb3
 363 0127 FA000000 		.4byte	0xfa
 364 012b 0B       		.uleb128 0xb
 365 012c 3B010000 		.4byte	0x13b
 366 0130 3B010000 		.4byte	0x13b
 367 0134 0C       		.uleb128 0xc
 368 0135 97000000 		.4byte	0x97
 369 0139 11       		.byte	0x11
 370 013a 00       		.byte	0
 371 013b 0D       		.uleb128 0xd
 372 013c 63000000 		.4byte	0x63
 373 0140 0E       		.uleb128 0xe
 374 0141 45000000 		.4byte	.LASF25
 375 0145 03       		.byte	0x3
 376 0146 24       		.byte	0x24
 377 0147 51010000 		.4byte	0x151
 378 014b 05       		.uleb128 0x5
 379 014c 03       		.byte	0x3
 380 014d 00000000 		.4byte	USBP_DEVICE0_DESCR
 381 0151 0D       		.uleb128 0xd
 382 0152 2B010000 		.4byte	0x12b
 383 0156 0B       		.uleb128 0xb
 384 0157 3B010000 		.4byte	0x13b
 385 015b 66010000 		.4byte	0x166
 386 015f 0C       		.uleb128 0xc
 387 0160 97000000 		.4byte	0x97
 388 0164 1F       		.byte	0x1f
 389 0165 00       		.byte	0
 390 0166 0E       		.uleb128 0xe
 391 0167 58000000 		.4byte	.LASF26
 392 016b 03       		.byte	0x3
 393 016c 37       		.byte	0x37
 394 016d 77010000 		.4byte	0x177
 395 0171 05       		.uleb128 0x5
 396 0172 03       		.byte	0x3
 397 0173 00000000 		.4byte	USBP_DEVICE0_CONFIGURATION0_DESCR
 398 0177 0D       		.uleb128 0xd
 399 0178 56010000 		.4byte	0x156
ARM GAS  C:\Users\PIERRE~1\AppData\Local\Temp\ccOvudjA.s 			page 8


 400 017c 0B       		.uleb128 0xb
 401 017d 8C010000 		.4byte	0x18c
 402 0181 8C010000 		.4byte	0x18c
 403 0185 0C       		.uleb128 0xc
 404 0186 97000000 		.4byte	0x97
 405 018a 01       		.byte	0x1
 406 018b 00       		.byte	0
 407 018c 0D       		.uleb128 0xd
 408 018d EF000000 		.4byte	0xef
 409 0191 0E       		.uleb128 0xe
 410 0192 8A010000 		.4byte	.LASF27
 411 0196 03       		.byte	0x3
 412 0197 88       		.byte	0x88
 413 0198 A2010000 		.4byte	0x1a2
 414 019c 05       		.uleb128 0x5
 415 019d 03       		.byte	0x3
 416 019e 00000000 		.4byte	USBP_DEVICE0_CONFIGURATION0_EP_SETTINGS_TABLE
 417 01a2 0D       		.uleb128 0xd
 418 01a3 7C010000 		.4byte	0x17c
 419 01a7 0B       		.uleb128 0xb
 420 01a8 3B010000 		.4byte	0x13b
 421 01ac B7010000 		.4byte	0x1b7
 422 01b0 0C       		.uleb128 0xc
 423 01b1 97000000 		.4byte	0x97
 424 01b5 00       		.byte	0
 425 01b6 00       		.byte	0
 426 01b7 0E       		.uleb128 0xe
 427 01b8 19000000 		.4byte	.LASF28
 428 01bc 03       		.byte	0x3
 429 01bd 8D       		.byte	0x8d
 430 01be C8010000 		.4byte	0x1c8
 431 01c2 05       		.uleb128 0x5
 432 01c3 03       		.byte	0x3
 433 01c4 00000000 		.4byte	USBP_DEVICE0_CONFIGURATION0_INTERFACE_CLASS
 434 01c8 0D       		.uleb128 0xd
 435 01c9 A7010000 		.4byte	0x1a7
 436 01cd 0B       		.uleb128 0xb
 437 01ce DD010000 		.4byte	0x1dd
 438 01d2 DD010000 		.4byte	0x1dd
 439 01d6 0C       		.uleb128 0xc
 440 01d7 97000000 		.4byte	0x97
 441 01db 03       		.byte	0x3
 442 01dc 00       		.byte	0
 443 01dd 0D       		.uleb128 0xd
 444 01de 20010000 		.4byte	0x120
 445 01e2 0E       		.uleb128 0xe
 446 01e3 E6020000 		.4byte	.LASF29
 447 01e7 03       		.byte	0x3
 448 01e8 95       		.byte	0x95
 449 01e9 F3010000 		.4byte	0x1f3
 450 01ed 05       		.uleb128 0x5
 451 01ee 03       		.byte	0x3
 452 01ef 00000000 		.4byte	USBP_DEVICE0_CONFIGURATION0_TABLE
 453 01f3 0D       		.uleb128 0xd
 454 01f4 CD010000 		.4byte	0x1cd
 455 01f8 0B       		.uleb128 0xb
 456 01f9 DD010000 		.4byte	0x1dd
ARM GAS  C:\Users\PIERRE~1\AppData\Local\Temp\ccOvudjA.s 			page 9


 457 01fd 08020000 		.4byte	0x208
 458 0201 0C       		.uleb128 0xc
 459 0202 97000000 		.4byte	0x97
 460 0206 02       		.byte	0x2
 461 0207 00       		.byte	0
 462 0208 0E       		.uleb128 0xe
 463 0209 D3020000 		.4byte	.LASF30
 464 020d 03       		.byte	0x3
 465 020e 9F       		.byte	0x9f
 466 020f 19020000 		.4byte	0x219
 467 0213 05       		.uleb128 0x5
 468 0214 03       		.byte	0x3
 469 0215 00000000 		.4byte	USBP_DEVICE0_TABLE
 470 0219 0D       		.uleb128 0xd
 471 021a F8010000 		.4byte	0x1f8
 472 021e 0B       		.uleb128 0xb
 473 021f DD010000 		.4byte	0x1dd
 474 0223 2E020000 		.4byte	0x22e
 475 0227 0C       		.uleb128 0xc
 476 0228 97000000 		.4byte	0x97
 477 022c 00       		.byte	0
 478 022d 00       		.byte	0
 479 022e 0E       		.uleb128 0xe
 480 022f 68010000 		.4byte	.LASF31
 481 0233 03       		.byte	0x3
 482 0234 A7       		.byte	0xa7
 483 0235 3F020000 		.4byte	0x23f
 484 0239 05       		.uleb128 0x5
 485 023a 03       		.byte	0x3
 486 023b 00000000 		.4byte	USBP_TABLE
 487 023f 0D       		.uleb128 0xd
 488 0240 1E020000 		.4byte	0x21e
 489 0244 0B       		.uleb128 0xb
 490 0245 3B010000 		.4byte	0x13b
 491 0249 54020000 		.4byte	0x254
 492 024d 0C       		.uleb128 0xc
 493 024e 97000000 		.4byte	0x97
 494 0252 3A       		.byte	0x3a
 495 0253 00       		.byte	0
 496 0254 0E       		.uleb128 0xe
 497 0255 8D000000 		.4byte	.LASF32
 498 0259 03       		.byte	0x3
 499 025a 63       		.byte	0x63
 500 025b 65020000 		.4byte	0x265
 501 025f 05       		.uleb128 0x5
 502 0260 03       		.byte	0x3
 503 0261 00000000 		.4byte	USBP_STRING_DESCRIPTORS
 504 0265 0D       		.uleb128 0xd
 505 0266 44020000 		.4byte	0x244
 506 026a 00       		.byte	0
 507              		.section	.debug_abbrev,"",%progbits
 508              	.Ldebug_abbrev0:
 509 0000 01       		.uleb128 0x1
 510 0001 11       		.uleb128 0x11
 511 0002 01       		.byte	0x1
 512 0003 25       		.uleb128 0x25
 513 0004 0E       		.uleb128 0xe
ARM GAS  C:\Users\PIERRE~1\AppData\Local\Temp\ccOvudjA.s 			page 10


 514 0005 13       		.uleb128 0x13
 515 0006 0B       		.uleb128 0xb
 516 0007 03       		.uleb128 0x3
 517 0008 0E       		.uleb128 0xe
 518 0009 1B       		.uleb128 0x1b
 519 000a 0E       		.uleb128 0xe
 520 000b 10       		.uleb128 0x10
 521 000c 17       		.uleb128 0x17
 522 000d 00       		.byte	0
 523 000e 00       		.byte	0
 524 000f 02       		.uleb128 0x2
 525 0010 24       		.uleb128 0x24
 526 0011 00       		.byte	0
 527 0012 0B       		.uleb128 0xb
 528 0013 0B       		.uleb128 0xb
 529 0014 3E       		.uleb128 0x3e
 530 0015 0B       		.uleb128 0xb
 531 0016 03       		.uleb128 0x3
 532 0017 0E       		.uleb128 0xe
 533 0018 00       		.byte	0
 534 0019 00       		.byte	0
 535 001a 03       		.uleb128 0x3
 536 001b 24       		.uleb128 0x24
 537 001c 00       		.byte	0
 538 001d 0B       		.uleb128 0xb
 539 001e 0B       		.uleb128 0xb
 540 001f 3E       		.uleb128 0x3e
 541 0020 0B       		.uleb128 0xb
 542 0021 03       		.uleb128 0x3
 543 0022 08       		.uleb128 0x8
 544 0023 00       		.byte	0
 545 0024 00       		.byte	0
 546 0025 04       		.uleb128 0x4
 547 0026 16       		.uleb128 0x16
 548 0027 00       		.byte	0
 549 0028 03       		.uleb128 0x3
 550 0029 0E       		.uleb128 0xe
 551 002a 3A       		.uleb128 0x3a
 552 002b 0B       		.uleb128 0xb
 553 002c 3B       		.uleb128 0x3b
 554 002d 05       		.uleb128 0x5
 555 002e 49       		.uleb128 0x49
 556 002f 13       		.uleb128 0x13
 557 0030 00       		.byte	0
 558 0031 00       		.byte	0
 559 0032 05       		.uleb128 0x5
 560 0033 13       		.uleb128 0x13
 561 0034 01       		.byte	0x1
 562 0035 0B       		.uleb128 0xb
 563 0036 0B       		.uleb128 0xb
 564 0037 3A       		.uleb128 0x3a
 565 0038 0B       		.uleb128 0xb
 566 0039 3B       		.uleb128 0x3b
 567 003a 0B       		.uleb128 0xb
 568 003b 01       		.uleb128 0x1
 569 003c 13       		.uleb128 0x13
 570 003d 00       		.byte	0
ARM GAS  C:\Users\PIERRE~1\AppData\Local\Temp\ccOvudjA.s 			page 11


 571 003e 00       		.byte	0
 572 003f 06       		.uleb128 0x6
 573 0040 0D       		.uleb128 0xd
 574 0041 00       		.byte	0
 575 0042 03       		.uleb128 0x3
 576 0043 0E       		.uleb128 0xe
 577 0044 3A       		.uleb128 0x3a
 578 0045 0B       		.uleb128 0xb
 579 0046 3B       		.uleb128 0x3b
 580 0047 0B       		.uleb128 0xb
 581 0048 49       		.uleb128 0x49
 582 0049 13       		.uleb128 0x13
 583 004a 38       		.uleb128 0x38
 584 004b 0B       		.uleb128 0xb
 585 004c 00       		.byte	0
 586 004d 00       		.byte	0
 587 004e 07       		.uleb128 0x7
 588 004f 16       		.uleb128 0x16
 589 0050 00       		.byte	0
 590 0051 03       		.uleb128 0x3
 591 0052 0E       		.uleb128 0xe
 592 0053 3A       		.uleb128 0x3a
 593 0054 0B       		.uleb128 0xb
 594 0055 3B       		.uleb128 0x3b
 595 0056 0B       		.uleb128 0xb
 596 0057 49       		.uleb128 0x49
 597 0058 13       		.uleb128 0x13
 598 0059 00       		.byte	0
 599 005a 00       		.byte	0
 600 005b 08       		.uleb128 0x8
 601 005c 0D       		.uleb128 0xd
 602 005d 00       		.byte	0
 603 005e 03       		.uleb128 0x3
 604 005f 08       		.uleb128 0x8
 605 0060 3A       		.uleb128 0x3a
 606 0061 0B       		.uleb128 0xb
 607 0062 3B       		.uleb128 0x3b
 608 0063 0B       		.uleb128 0xb
 609 0064 49       		.uleb128 0x49
 610 0065 13       		.uleb128 0x13
 611 0066 38       		.uleb128 0x38
 612 0067 0B       		.uleb128 0xb
 613 0068 00       		.byte	0
 614 0069 00       		.byte	0
 615 006a 09       		.uleb128 0x9
 616 006b 0F       		.uleb128 0xf
 617 006c 00       		.byte	0
 618 006d 0B       		.uleb128 0xb
 619 006e 0B       		.uleb128 0xb
 620 006f 49       		.uleb128 0x49
 621 0070 13       		.uleb128 0x13
 622 0071 00       		.byte	0
 623 0072 00       		.byte	0
 624 0073 0A       		.uleb128 0xa
 625 0074 26       		.uleb128 0x26
 626 0075 00       		.byte	0
 627 0076 00       		.byte	0
ARM GAS  C:\Users\PIERRE~1\AppData\Local\Temp\ccOvudjA.s 			page 12


 628 0077 00       		.byte	0
 629 0078 0B       		.uleb128 0xb
 630 0079 01       		.uleb128 0x1
 631 007a 01       		.byte	0x1
 632 007b 49       		.uleb128 0x49
 633 007c 13       		.uleb128 0x13
 634 007d 01       		.uleb128 0x1
 635 007e 13       		.uleb128 0x13
 636 007f 00       		.byte	0
 637 0080 00       		.byte	0
 638 0081 0C       		.uleb128 0xc
 639 0082 21       		.uleb128 0x21
 640 0083 00       		.byte	0
 641 0084 49       		.uleb128 0x49
 642 0085 13       		.uleb128 0x13
 643 0086 2F       		.uleb128 0x2f
 644 0087 0B       		.uleb128 0xb
 645 0088 00       		.byte	0
 646 0089 00       		.byte	0
 647 008a 0D       		.uleb128 0xd
 648 008b 26       		.uleb128 0x26
 649 008c 00       		.byte	0
 650 008d 49       		.uleb128 0x49
 651 008e 13       		.uleb128 0x13
 652 008f 00       		.byte	0
 653 0090 00       		.byte	0
 654 0091 0E       		.uleb128 0xe
 655 0092 34       		.uleb128 0x34
 656 0093 00       		.byte	0
 657 0094 03       		.uleb128 0x3
 658 0095 0E       		.uleb128 0xe
 659 0096 3A       		.uleb128 0x3a
 660 0097 0B       		.uleb128 0xb
 661 0098 3B       		.uleb128 0x3b
 662 0099 0B       		.uleb128 0xb
 663 009a 49       		.uleb128 0x49
 664 009b 13       		.uleb128 0x13
 665 009c 3F       		.uleb128 0x3f
 666 009d 19       		.uleb128 0x19
 667 009e 02       		.uleb128 0x2
 668 009f 18       		.uleb128 0x18
 669 00a0 00       		.byte	0
 670 00a1 00       		.byte	0
 671 00a2 00       		.byte	0
 672              		.section	.debug_aranges,"",%progbits
 673 0000 14000000 		.4byte	0x14
 674 0004 0200     		.2byte	0x2
 675 0006 00000000 		.4byte	.Ldebug_info0
 676 000a 04       		.byte	0x4
 677 000b 00       		.byte	0
 678 000c 0000     		.2byte	0
 679 000e 0000     		.2byte	0
 680 0010 00000000 		.4byte	0
 681 0014 00000000 		.4byte	0
 682              		.section	.debug_line,"",%progbits
 683              	.Ldebug_line0:
 684 0000 57000000 		.section	.debug_str,"MS",%progbits,1
ARM GAS  C:\Users\PIERRE~1\AppData\Local\Temp\ccOvudjA.s 			page 13


 684      02005100 
 684      00000201 
 684      FB0E0D00 
 684      01010101 
 685              	.LASF22:
 686 0000 545F5553 		.ascii	"T_USBP_EP_SETTINGS_BLOCK\000"
 686      42505F45 
 686      505F5345 
 686      5454494E 
 686      47535F42 
 687              	.LASF28:
 688 0019 55534250 		.ascii	"USBP_DEVICE0_CONFIGURATION0_INTERFACE_CLASS\000"
 688      5F444556 
 688      49434530 
 688      5F434F4E 
 688      46494755 
 689              	.LASF25:
 690 0045 55534250 		.ascii	"USBP_DEVICE0_DESCR\000"
 690      5F444556 
 690      49434530 
 690      5F444553 
 690      435200
 691              	.LASF26:
 692 0058 55534250 		.ascii	"USBP_DEVICE0_CONFIGURATION0_DESCR\000"
 692      5F444556 
 692      49434530 
 692      5F434F4E 
 692      46494755 
 693              	.LASF3:
 694 007a 73686F72 		.ascii	"short unsigned int\000"
 694      7420756E 
 694      7369676E 
 694      65642069 
 694      6E7400
 695              	.LASF32:
 696 008d 55534250 		.ascii	"USBP_STRING_DESCRIPTORS\000"
 696      5F535452 
 696      494E475F 
 696      44455343 
 696      52495054 
 697              	.LASF11:
 698 00a5 666C6F61 		.ascii	"float\000"
 698      7400
 699              	.LASF17:
 700 00ab 616C7453 		.ascii	"altSetting\000"
 700      65747469 
 700      6E6700
 701              	.LASF1:
 702 00b6 756E7369 		.ascii	"unsigned char\000"
 702      676E6564 
 702      20636861 
 702      7200
 703              	.LASF33:
 704 00c4 474E5520 		.ascii	"GNU C11 5.4.1 20160609 (release) [ARM/embedded-5-br"
 704      43313120 
 704      352E342E 
 704      31203230 
ARM GAS  C:\Users\PIERRE~1\AppData\Local\Temp\ccOvudjA.s 			page 14


 704      31363036 
 705 00f7 616E6368 		.ascii	"anch revision 237715] -mcpu=cortex-m3 -mthumb -g -O"
 705      20726576 
 705      6973696F 
 705      6E203233 
 705      37373135 
 706 012a 67202D66 		.ascii	"g -ffunction-sections -ffat-lto-objects\000"
 706      66756E63 
 706      74696F6E 
 706      2D736563 
 706      74696F6E 
 707              	.LASF24:
 708 0152 545F5553 		.ascii	"T_USBP_LUT\000"
 708      42505F4C 
 708      555400
 709              	.LASF19:
 710 015d 61747472 		.ascii	"attributes\000"
 710      69627574 
 710      657300
 711              	.LASF31:
 712 0168 55534250 		.ascii	"USBP_TABLE\000"
 712      5F544142 
 712      4C4500
 713              	.LASF5:
 714 0173 6C6F6E67 		.ascii	"long unsigned int\000"
 714      20756E73 
 714      69676E65 
 714      6420696E 
 714      7400
 715              	.LASF18:
 716 0185 61646472 		.ascii	"addr\000"
 716      00
 717              	.LASF27:
 718 018a 55534250 		.ascii	"USBP_DEVICE0_CONFIGURATION0_EP_SETTINGS_TABLE\000"
 718      5F444556 
 718      49434530 
 718      5F434F4E 
 718      46494755 
 719              	.LASF12:
 720 01b8 646F7562 		.ascii	"double\000"
 720      6C6500
 721              	.LASF34:
 722 01bf 47656E65 		.ascii	"Generated_Source\\PSoC5\\USBP_descr.c\000"
 722      72617465 
 722      645F536F 
 722      75726365 
 722      5C50536F 
 723              	.LASF10:
 724 01e3 75696E74 		.ascii	"uint16\000"
 724      313600
 725              	.LASF8:
 726 01ea 756E7369 		.ascii	"unsigned int\000"
 726      676E6564 
 726      20696E74 
 726      00
 727              	.LASF7:
 728 01f7 6C6F6E67 		.ascii	"long long unsigned int\000"
ARM GAS  C:\Users\PIERRE~1\AppData\Local\Temp\ccOvudjA.s 			page 15


 728      206C6F6E 
 728      6720756E 
 728      7369676E 
 728      65642069 
 729              	.LASF23:
 730 020e 705F6C69 		.ascii	"p_list\000"
 730      737400
 731              	.LASF15:
 732 0215 73697A65 		.ascii	"sizetype\000"
 732      74797065 
 732      00
 733              	.LASF6:
 734 021e 6C6F6E67 		.ascii	"long long int\000"
 734      206C6F6E 
 734      6720696E 
 734      7400
 735              	.LASF13:
 736 022c 63686172 		.ascii	"char\000"
 736      00
 737              	.LASF20:
 738 0231 62756666 		.ascii	"bufferSize\000"
 738      65725369 
 738      7A6500
 739              	.LASF2:
 740 023c 73686F72 		.ascii	"short int\000"
 740      7420696E 
 740      7400
 741              	.LASF9:
 742 0246 75696E74 		.ascii	"uint8\000"
 742      3800
 743              	.LASF16:
 744 024c 696E7465 		.ascii	"interface\000"
 744      72666163 
 744      6500
 745              	.LASF4:
 746 0256 6C6F6E67 		.ascii	"long int\000"
 746      20696E74 
 746      00
 747              	.LASF14:
 748 025f 6C6F6E67 		.ascii	"long double\000"
 748      20646F75 
 748      626C6500 
 749              	.LASF0:
 750 026b 7369676E 		.ascii	"signed char\000"
 750      65642063 
 750      68617200 
 751              	.LASF35:
 752 0277 433A5C55 		.ascii	"C:\\Users\\Pierre Vander Eyken\\Desktop\\memoire\\N"
 752      73657273 
 752      5C506965 
 752      72726520 
 752      56616E64 
 753 02a5 6577436F 		.ascii	"ewCode\\TAG-RTOS\\PSOC\\write_fonction_spi.cydsn\000"
 753      64655C54 
 753      41472D52 
 753      544F535C 
 753      50534F43 
ARM GAS  C:\Users\PIERRE~1\AppData\Local\Temp\ccOvudjA.s 			page 16


 754              	.LASF30:
 755 02d3 55534250 		.ascii	"USBP_DEVICE0_TABLE\000"
 755      5F444556 
 755      49434530 
 755      5F544142 
 755      4C4500
 756              	.LASF29:
 757 02e6 55534250 		.ascii	"USBP_DEVICE0_CONFIGURATION0_TABLE\000"
 757      5F444556 
 757      49434530 
 757      5F434F4E 
 757      46494755 
 758              	.LASF21:
 759 0308 624D6973 		.ascii	"bMisc\000"
 759      6300
 760              		.ident	"GCC: (GNU Tools for ARM Embedded Processors) 5.4.1 20160609 (release) [ARM/embedded-5-bran
